{"/home/travis/build/npmtest/node-npmtest-react-day-picker/test.js":{"path":"/home/travis/build/npmtest/node-npmtest-react-day-picker/test.js","s":{"1":2,"2":2,"3":2,"4":2,"5":2,"6":2,"7":2,"8":1,"9":2,"10":2,"11":1,"12":1,"13":1,"14":1,"15":2,"16":2,"17":2,"18":2,"19":1,"20":1,"21":2,"22":2,"23":2,"24":1,"25":1,"26":1,"27":1,"28":1,"29":1,"30":1,"31":1,"32":1,"33":1,"34":1,"35":1,"36":1,"37":1,"38":1,"39":2,"40":2,"41":1,"42":2,"43":2,"44":1,"45":2,"46":2,"47":1,"48":2,"49":2,"50":1,"51":1,"52":1,"53":1,"54":1},"b":{"1":[2,1,1,1],"2":[1,1,1,1],"3":[1,1],"4":[1,1],"5":[1,1],"6":[1,1],"7":[1,1],"8":[1,1],"9":[1,1],"10":[1,1,1],"11":[1,1],"12":[1,1],"13":[1,1],"14":[1,1],"15":[1,1],"16":[1,1],"17":[1,1]},"f":{"1":2,"2":2,"3":2,"4":2,"5":2,"6":1,"7":1,"8":1,"9":2,"10":2,"11":2,"12":2,"13":1},"fnMap":{"1":{"name":"(anonymous_1)","line":12,"loc":{"start":{"line":12,"column":1},"end":{"line":12,"column":13}}},"2":{"name":"(anonymous_2)","line":19,"loc":{"start":{"line":19,"column":5},"end":{"line":19,"column":17}}},"3":{"name":"(anonymous_3)","line":23,"loc":{"start":{"line":23,"column":24},"end":{"line":23,"column":36}}},"4":{"name":"(anonymous_4)","line":61,"loc":{"start":{"line":61,"column":5},"end":{"line":61,"column":17}}},"5":{"name":"(anonymous_5)","line":82,"loc":{"start":{"line":82,"column":5},"end":{"line":82,"column":17}}},"6":{"name":"(anonymous_6)","line":91,"loc":{"start":{"line":91,"column":77},"end":{"line":94,"column":10}}},"7":{"name":"(anonymous_7)","line":112,"loc":{"start":{"line":112,"column":83},"end":{"line":115,"column":10}},"skip":true},"8":{"name":"(anonymous_8)","line":123,"loc":{"start":{"line":123,"column":77},"end":{"line":126,"column":10}},"skip":true},"9":{"name":"(anonymous_9)","line":139,"loc":{"start":{"line":139,"column":12},"end":{"line":139,"column":40}},"skip":true},"10":{"name":"(anonymous_10)","line":147,"loc":{"start":{"line":147,"column":77},"end":{"line":150,"column":10}},"skip":true},"11":{"name":"(anonymous_11)","line":158,"loc":{"start":{"line":158,"column":83},"end":{"line":161,"column":10}},"skip":true},"12":{"name":"(anonymous_12)","line":169,"loc":{"start":{"line":169,"column":79},"end":{"line":172,"column":10}},"skip":true},"13":{"name":"(anonymous_13)","line":180,"loc":{"start":{"line":180,"column":75},"end":{"line":183,"column":10}},"skip":true}},"statementMap":{"1":{"start":{"line":12,"column":0},"end":{"line":195,"column":5}},"2":{"start":{"line":14,"column":4},"end":{"line":14,"column":14}},"3":{"start":{"line":19,"column":4},"end":{"line":56,"column":9}},"4":{"start":{"line":21,"column":8},"end":{"line":21,"column":19}},"5":{"start":{"line":23,"column":8},"end":{"line":35,"column":13}},"6":{"start":{"line":24,"column":12},"end":{"line":34,"column":13}},"7":{"start":{"line":25,"column":16},"end":{"line":28,"column":30}},"8":{"start":{"line":30,"column":16},"end":{"line":33,"column":27}},"9":{"start":{"line":37,"column":8},"end":{"line":39,"column":21}},"10":{"start":{"line":40,"column":8},"end":{"line":53,"column":9}},"11":{"start":{"line":43,"column":12},"end":{"line":46,"column":14}},"12":{"start":{"line":47,"column":12},"end":{"line":47,"column":18}},"13":{"start":{"line":50,"column":12},"end":{"line":51,"column":33}},"14":{"start":{"line":52,"column":12},"end":{"line":52,"column":18}},"15":{"start":{"line":55,"column":8},"end":{"line":55,"column":35}},"16":{"start":{"line":61,"column":4},"end":{"line":63,"column":9}},"17":{"start":{"line":62,"column":8},"end":{"line":62,"column":15}},"18":{"start":{"line":64,"column":4},"end":{"line":77,"column":5}},"19":{"start":{"line":70,"column":8},"end":{"line":70,"column":14}},"20":{"start":{"line":76,"column":8},"end":{"line":76,"column":14}},"21":{"start":{"line":82,"column":4},"end":{"line":84,"column":9}},"22":{"start":{"line":83,"column":8},"end":{"line":83,"column":15}},"23":{"start":{"line":85,"column":4},"end":{"line":194,"column":5}},"24":{"start":{"line":91,"column":8},"end":{"line":99,"column":10}},"25":{"start":{"line":98,"column":12},"end":{"line":98,"column":35}},"26":{"start":{"line":102,"column":8},"end":{"line":104,"column":63}},"27":{"start":{"line":105,"column":8},"end":{"line":105,"column":14}},"28":{"start":{"line":112,"column":8},"end":{"line":121,"column":10},"skip":true},"29":{"start":{"line":119,"column":12},"end":{"line":119,"column":55},"skip":true},"30":{"start":{"line":120,"column":12},"end":{"line":120,"column":48},"skip":true},"31":{"start":{"line":123,"column":8},"end":{"line":136,"column":10},"skip":true},"32":{"start":{"line":130,"column":12},"end":{"line":130,"column":76},"skip":true},"33":{"start":{"line":131,"column":12},"end":{"line":131,"column":73},"skip":true},"34":{"start":{"line":132,"column":12},"end":{"line":132,"column":74},"skip":true},"35":{"start":{"line":133,"column":12},"end":{"line":133,"column":79},"skip":true},"36":{"start":{"line":134,"column":12},"end":{"line":134,"column":25},"skip":true},"37":{"start":{"line":135,"column":12},"end":{"line":135,"column":45},"skip":true},"38":{"start":{"line":138,"column":8},"end":{"line":145,"column":14},"skip":true},"39":{"start":{"line":143,"column":16},"end":{"line":143,"column":29},"skip":true},"40":{"start":{"line":144,"column":16},"end":{"line":144,"column":55},"skip":true},"41":{"start":{"line":147,"column":8},"end":{"line":156,"column":10},"skip":true},"42":{"start":{"line":154,"column":12},"end":{"line":154,"column":25},"skip":true},"43":{"start":{"line":155,"column":12},"end":{"line":155,"column":45},"skip":true},"44":{"start":{"line":158,"column":8},"end":{"line":167,"column":10},"skip":true},"45":{"start":{"line":165,"column":12},"end":{"line":165,"column":25},"skip":true},"46":{"start":{"line":166,"column":12},"end":{"line":166,"column":48},"skip":true},"47":{"start":{"line":169,"column":8},"end":{"line":178,"column":10},"skip":true},"48":{"start":{"line":176,"column":12},"end":{"line":176,"column":25},"skip":true},"49":{"start":{"line":177,"column":12},"end":{"line":177,"column":46},"skip":true},"50":{"start":{"line":180,"column":8},"end":{"line":189,"column":10},"skip":true},"51":{"start":{"line":187,"column":12},"end":{"line":187,"column":94},"skip":true},"52":{"start":{"line":188,"column":12},"end":{"line":188,"column":48},"skip":true},"53":{"start":{"line":192,"column":8},"end":{"line":192,"column":35},"skip":true},"54":{"start":{"line":193,"column":8},"end":{"line":193,"column":14},"skip":true}},"branchMap":{"1":{"line":25,"type":"binary-expr","locations":[{"start":{"line":25,"column":23},"end":{"line":25,"column":62}},{"start":{"line":26,"column":20},"end":{"line":26,"column":70}},{"start":{"line":27,"column":20},"end":{"line":27,"column":71}},{"start":{"line":28,"column":20},"end":{"line":28,"column":29}}]},"2":{"line":30,"type":"binary-expr","locations":[{"start":{"line":30,"column":23},"end":{"line":30,"column":37}},{"start":{"line":31,"column":20},"end":{"line":31,"column":61}},{"start":{"line":32,"column":20},"end":{"line":32,"column":70}},{"start":{"line":33,"column":20},"end":{"line":33,"column":26}}]},"3":{"line":37,"type":"cond-expr","locations":[{"start":{"line":38,"column":14},"end":{"line":38,"column":20}},{"start":{"line":39,"column":14},"end":{"line":39,"column":20}}]},"4":{"line":40,"type":"switch","locations":[{"start":{"line":42,"column":8},"end":{"line":47,"column":18}},{"start":{"line":49,"column":8},"end":{"line":52,"column":18}}]},"5":{"line":44,"type":"binary-expr","locations":[{"start":{"line":44,"column":16},"end":{"line":44,"column":44}},{"start":{"line":44,"column":48},"end":{"line":44,"column":66}}]},"6":{"line":50,"type":"binary-expr","locations":[{"start":{"line":50,"column":21},"end":{"line":50,"column":49}},{"start":{"line":50,"column":53},"end":{"line":50,"column":72}}]},"7":{"line":64,"type":"switch","locations":[{"start":{"line":69,"column":4},"end":{"line":70,"column":14}},{"start":{"line":75,"column":4},"end":{"line":76,"column":14}}]},"8":{"line":85,"type":"switch","locations":[{"start":{"line":90,"column":4},"end":{"line":105,"column":14}},{"start":{"line":111,"column":4},"end":{"line":193,"column":14},"skip":true}]},"9":{"line":91,"type":"binary-expr","locations":[{"start":{"line":91,"column":42},"end":{"line":91,"column":73}},{"start":{"line":91,"column":77},"end":{"line":99,"column":9}}]},"10":{"line":102,"type":"binary-expr","locations":[{"start":{"line":102,"column":18},"end":{"line":102,"column":32}},{"start":{"line":103,"column":12},"end":{"line":103,"column":53}},{"start":{"line":104,"column":12},"end":{"line":104,"column":61}}]},"11":{"line":112,"type":"binary-expr","locations":[{"start":{"line":112,"column":45},"end":{"line":112,"column":79},"skip":true},{"start":{"line":112,"column":83},"end":{"line":121,"column":9},"skip":true}]},"12":{"line":123,"type":"binary-expr","locations":[{"start":{"line":123,"column":42},"end":{"line":123,"column":73},"skip":true},{"start":{"line":123,"column":77},"end":{"line":136,"column":9},"skip":true}]},"13":{"line":138,"type":"binary-expr","locations":[{"start":{"line":138,"column":48},"end":{"line":138,"column":85},"skip":true},{"start":{"line":139,"column":12},"end":{"line":145,"column":13},"skip":true}]},"14":{"line":147,"type":"binary-expr","locations":[{"start":{"line":147,"column":42},"end":{"line":147,"column":73},"skip":true},{"start":{"line":147,"column":77},"end":{"line":156,"column":9},"skip":true}]},"15":{"line":158,"type":"binary-expr","locations":[{"start":{"line":158,"column":45},"end":{"line":158,"column":79},"skip":true},{"start":{"line":158,"column":83},"end":{"line":167,"column":9},"skip":true}]},"16":{"line":169,"type":"binary-expr","locations":[{"start":{"line":169,"column":43},"end":{"line":169,"column":75},"skip":true},{"start":{"line":169,"column":79},"end":{"line":178,"column":9},"skip":true}]},"17":{"line":180,"type":"binary-expr","locations":[{"start":{"line":180,"column":41},"end":{"line":180,"column":71},"skip":true},{"start":{"line":180,"column":75},"end":{"line":189,"column":9},"skip":true}]}},"code":["/* istanbul instrument in package npmtest_react_day_picker */","/*jslint","    bitwise: true,","    browser: true,","    maxerr: 8,","    maxlen: 96,","    node: true,","    nomen: true,","    regexp: true,","    stupid: true","*/","(function () {","    'use strict';","    var local;","","","","    // run shared js-env code - pre-init","    (function () {","        // init local","        local = {};","        // init modeJs","        local.modeJs = (function () {","            try {","                return typeof navigator.userAgent === 'string' &&","                    typeof document.querySelector('body') === 'object' &&","                    typeof XMLHttpRequest.prototype.open === 'function' &&","                    'browser';","            } catch (errorCaughtBrowser) {","                return module.exports &&","                    typeof process.versions.node === 'string' &&","                    typeof require('http').createServer === 'function' &&","                    'node';","            }","        }());","        // init global","        local.global = local.modeJs === 'browser'","            ? window","            : global;","        switch (local.modeJs) {","        // re-init local from window.local","        case 'browser':","            local = local.global.utility2.objectSetDefault(","                local.global.utility2_rollup || local.global.local,","                local.global.utility2","            );","            break;","        // re-init local from example.js","        case 'node':","            local = (local.global.utility2_rollup || require('utility2'))","                .requireReadme();","            break;","        }","        // export local","        local.global.local = local;","    }());","","","","    // run shared js-env code - function","    (function () {","        return;","    }());","    switch (local.modeJs) {","","","","    // run browser js-env code - function","    case 'browser':","        break;","","","","    // run node js-env code - function","    case 'node':","        break;","    }","","","","    // run shared js-env code - post-init","    (function () {","        return;","    }());","    switch (local.modeJs) {","","","","    // run browser js-env code - post-init","    case 'browser':","        local.testCase_browser_nullCase = local.testCase_browser_nullCase || function (","            options,","            onError","        ) {","        /*","         * this function will test browsers's null-case handling-behavior-behavior","         */","            onError(null, options);","        };","","        // run tests","        local.nop(local.modeTest &&","            document.querySelector('#testRunButton1') &&","            document.querySelector('#testRunButton1').click());","        break;","","","","    // run node js-env code - post-init","    /* istanbul ignore next */","    case 'node':","        local.testCase_buildApidoc_default = local.testCase_buildApidoc_default || function (","            options,","            onError","        ) {","        /*","         * this function will test buildApidoc's default handling-behavior-behavior","         */","            options = { modulePathList: module.paths };","            local.buildApidoc(options, onError);","        };","","        local.testCase_buildApp_default = local.testCase_buildApp_default || function (","            options,","            onError","        ) {","        /*","         * this function will test buildApp's default handling-behavior-behavior","         */","            local.testCase_buildReadme_default(options, local.onErrorThrow);","            local.testCase_buildLib_default(options, local.onErrorThrow);","            local.testCase_buildTest_default(options, local.onErrorThrow);","            local.testCase_buildCustomOrg_default(options, local.onErrorThrow);","            options = [];","            local.buildApp(options, onError);","        };","","        local.testCase_buildCustomOrg_default = local.testCase_buildCustomOrg_default ||","            function (options, onError) {","            /*","             * this function will test buildCustomOrg's default handling-behavior","             */","                options = {};","                local.buildCustomOrg(options, onError);","            };","","        local.testCase_buildLib_default = local.testCase_buildLib_default || function (","            options,","            onError","        ) {","        /*","         * this function will test buildLib's default handling-behavior","         */","            options = {};","            local.buildLib(options, onError);","        };","","        local.testCase_buildReadme_default = local.testCase_buildReadme_default || function (","            options,","            onError","        ) {","        /*","         * this function will test buildReadme's default handling-behavior-behavior","         */","            options = {};","            local.buildReadme(options, onError);","        };","","        local.testCase_buildTest_default = local.testCase_buildTest_default || function (","            options,","            onError","        ) {","        /*","         * this function will test buildTest's default handling-behavior","         */","            options = {};","            local.buildTest(options, onError);","        };","","        local.testCase_webpage_default = local.testCase_webpage_default || function (","            options,","            onError","        ) {","        /*","         * this function will test webpage's default handling-behavior","         */","            options = { modeCoverageMerge: true, url: local.serverLocalHost + '?modeTest=1' };","            local.browserTest(options, onError);","        };","","        // run test-server","        local.testRunServer(local);","        break;","    }","}());",""],"l":{"12":2,"14":2,"19":2,"21":2,"23":2,"24":2,"25":2,"30":1,"37":2,"40":2,"43":1,"47":1,"50":1,"52":1,"55":2,"61":2,"62":2,"64":2,"70":1,"76":1,"82":2,"83":2,"85":2,"91":1,"98":1,"102":1,"105":1,"112":1,"119":1,"120":1,"123":1,"130":1,"131":1,"132":1,"133":1,"134":1,"135":1,"138":1,"143":2,"144":2,"147":1,"154":2,"155":2,"158":1,"165":2,"166":2,"169":1,"176":2,"177":2,"180":1,"187":1,"188":1,"192":1,"193":1}},"/home/travis/build/npmtest/node-npmtest-react-day-picker/lib.npmtest_react_day_picker.js":{"path":"/home/travis/build/npmtest/node-npmtest-react-day-picker/lib.npmtest_react_day_picker.js","s":{"1":2,"2":2,"3":2,"4":2,"5":2,"6":2,"7":2,"8":1,"9":2,"10":2,"11":2,"12":2,"13":1,"14":1,"15":1,"16":1},"b":{"1":[2,1,1,1],"2":[1,1,1,1],"3":[1,1],"4":[2,2],"5":[1,1]},"f":{"1":2,"2":2,"3":2},"fnMap":{"1":{"name":"(anonymous_1)","line":12,"loc":{"start":{"line":12,"column":1},"end":{"line":12,"column":13}}},"2":{"name":"(anonymous_2)","line":19,"loc":{"start":{"line":19,"column":5},"end":{"line":19,"column":17}}},"3":{"name":"(anonymous_3)","line":23,"loc":{"start":{"line":23,"column":24},"end":{"line":23,"column":36}}}},"statementMap":{"1":{"start":{"line":12,"column":0},"end":{"line":53,"column":5}},"2":{"start":{"line":14,"column":4},"end":{"line":14,"column":14}},"3":{"start":{"line":19,"column":4},"end":{"line":52,"column":9}},"4":{"start":{"line":21,"column":8},"end":{"line":21,"column":19}},"5":{"start":{"line":23,"column":8},"end":{"line":35,"column":13}},"6":{"start":{"line":24,"column":12},"end":{"line":34,"column":13}},"7":{"start":{"line":25,"column":16},"end":{"line":28,"column":30}},"8":{"start":{"line":30,"column":16},"end":{"line":33,"column":27}},"9":{"start":{"line":37,"column":8},"end":{"line":39,"column":21}},"10":{"start":{"line":41,"column":8},"end":{"line":41,"column":54}},"11":{"start":{"line":43,"column":8},"end":{"line":43,"column":61}},"12":{"start":{"line":45,"column":8},"end":{"line":51,"column":9}},"13":{"start":{"line":46,"column":12},"end":{"line":46,"column":67}},"14":{"start":{"line":48,"column":12},"end":{"line":48,"column":35}},"15":{"start":{"line":49,"column":12},"end":{"line":49,"column":49}},"16":{"start":{"line":50,"column":12},"end":{"line":50,"column":43}}},"branchMap":{"1":{"line":25,"type":"binary-expr","locations":[{"start":{"line":25,"column":23},"end":{"line":25,"column":62}},{"start":{"line":26,"column":20},"end":{"line":26,"column":70}},{"start":{"line":27,"column":20},"end":{"line":27,"column":71}},{"start":{"line":28,"column":20},"end":{"line":28,"column":29}}]},"2":{"line":30,"type":"binary-expr","locations":[{"start":{"line":30,"column":23},"end":{"line":30,"column":37}},{"start":{"line":31,"column":20},"end":{"line":31,"column":61}},{"start":{"line":32,"column":20},"end":{"line":32,"column":70}},{"start":{"line":33,"column":20},"end":{"line":33,"column":26}}]},"3":{"line":37,"type":"cond-expr","locations":[{"start":{"line":38,"column":14},"end":{"line":38,"column":20}},{"start":{"line":39,"column":14},"end":{"line":39,"column":20}}]},"4":{"line":41,"type":"binary-expr","locations":[{"start":{"line":41,"column":16},"end":{"line":41,"column":44}},{"start":{"line":41,"column":48},"end":{"line":41,"column":53}}]},"5":{"line":45,"type":"if","locations":[{"start":{"line":45,"column":8},"end":{"line":45,"column":8}},{"start":{"line":45,"column":8},"end":{"line":45,"column":8}}]}},"code":["/* istanbul instrument in package npmtest_react_day_picker */","/*jslint","    bitwise: true,","    browser: true,","    maxerr: 8,","    maxlen: 96,","    node: true,","    nomen: true,","    regexp: true,","    stupid: true","*/","(function () {","    'use strict';","    var local;","","","","    // run shared js-env code - pre-init","    (function () {","        // init local","        local = {};","        // init modeJs","        local.modeJs = (function () {","            try {","                return typeof navigator.userAgent === 'string' &&","                    typeof document.querySelector('body') === 'object' &&","                    typeof XMLHttpRequest.prototype.open === 'function' &&","                    'browser';","            } catch (errorCaughtBrowser) {","                return module.exports &&","                    typeof process.versions.node === 'string' &&","                    typeof require('http').createServer === 'function' &&","                    'node';","            }","        }());","        // init global","        local.global = local.modeJs === 'browser'","            ? window","            : global;","        // init utility2_rollup","        local = local.global.utility2_rollup || local;","        // init lib","        local.local = local.npmtest_react_day_picker = local;","        // init exports","        if (local.modeJs === 'browser') {","            local.global.utility2_npmtest_react_day_picker = local;","        } else {","            module.exports = local;","            module.exports.__dirname = __dirname;","            module.exports.module = module;","        }","    }());","}());",""],"l":{"12":2,"14":2,"19":2,"21":2,"23":2,"24":2,"25":2,"30":1,"37":2,"41":2,"43":2,"45":2,"46":1,"48":1,"49":1,"50":1}},"/home/travis/build/npmtest/node-npmtest-react-day-picker/example.js":{"path":"/home/travis/build/npmtest/node-npmtest-react-day-picker/example.js","s":{"1":2,"2":2,"3":2,"4":2,"5":2,"6":2,"7":2,"8":1,"9":2,"10":2,"11":2,"12":2,"13":1,"14":2,"15":2,"16":2,"17":2,"18":2,"19":0,"20":2,"21":1,"22":1,"23":1,"24":1,"25":1,"26":0,"27":0,"28":1,"29":1,"30":2,"31":0,"32":0,"33":0,"34":1,"35":2,"36":2,"37":3,"38":3,"39":3,"40":3,"41":0,"42":3,"43":3,"44":3,"45":1,"46":3,"47":1,"48":1,"49":1,"50":1,"51":1,"52":1,"53":1,"54":1,"55":1,"56":1,"57":0,"58":1,"59":6,"60":6,"61":1,"62":2,"63":0,"64":2,"65":1,"66":1,"67":0,"68":0,"69":0,"70":0,"71":0,"72":0,"73":0,"74":0,"75":0,"76":0,"77":0,"78":0,"79":0,"80":0,"81":0,"82":0,"83":0},"b":{"1":[2,1,1,1],"2":[1,1,1,1],"3":[1,1],"4":[2,2],"5":[1,1],"6":[1,1],"7":[2,0],"8":[2,1,1,1,1,1],"9":[0,2,0],"10":[1,1],"11":[2,1,1],"12":[1,0],"13":[0,2],"14":[2,0,0,0,0,0,0],"15":[0,3],"16":[3,0],"17":[1,1],"18":[0,1],"19":[1,2,0,2],"20":[1,0],"21":[1,1],"22":[0,0],"23":[0,0],"24":[0,0],"25":[0,0],"26":[0,0],"27":[0,0],"28":[0,0]},"f":{"1":2,"2":2,"3":2,"4":2,"5":2,"6":2,"7":3,"8":3,"9":3,"10":1,"11":6,"12":0},"fnMap":{"1":{"name":"(anonymous_1)","line":26,"loc":{"start":{"line":26,"column":1},"end":{"line":26,"column":13}}},"2":{"name":"(anonymous_2)","line":33,"loc":{"start":{"line":33,"column":5},"end":{"line":33,"column":17}}},"3":{"name":"(anonymous_3)","line":37,"loc":{"start":{"line":37,"column":24},"end":{"line":37,"column":36}}},"4":{"name":"(anonymous_4)","line":69,"loc":{"start":{"line":69,"column":31},"end":{"line":69,"column":48}},"skip":true},"5":{"name":"(anonymous_5)","line":78,"loc":{"start":{"line":78,"column":26},"end":{"line":78,"column":45}},"skip":true},"6":{"name":"(anonymous_6)","line":123,"loc":{"start":{"line":123,"column":33},"end":{"line":123,"column":48}},"skip":true},"7":{"name":"(anonymous_7)","line":125,"loc":{"start":{"line":125,"column":27},"end":{"line":125,"column":39}},"skip":true},"8":{"name":"(anonymous_8)","line":133,"loc":{"start":{"line":133,"column":59},"end":{"line":133,"column":74}},"skip":true},"9":{"name":"(anonymous_9)","line":143,"loc":{"start":{"line":143,"column":45},"end":{"line":143,"column":62}},"skip":true},"10":{"name":"(anonymous_10)","line":144,"loc":{"start":{"line":144,"column":73},"end":{"line":144,"column":92}},"skip":true},"11":{"name":"(anonymous_11)","line":272,"loc":{"start":{"line":272,"column":51},"end":{"line":272,"column":77}},"skip":true},"12":{"name":"(anonymous_12)","line":315,"loc":{"start":{"line":315,"column":32},"end":{"line":315,"column":61}},"skip":true}},"statementMap":{"1":{"start":{"line":26,"column":0},"end":{"line":326,"column":5}},"2":{"start":{"line":28,"column":4},"end":{"line":28,"column":14}},"3":{"start":{"line":33,"column":4},"end":{"line":60,"column":9}},"4":{"start":{"line":35,"column":8},"end":{"line":35,"column":19}},"5":{"start":{"line":37,"column":8},"end":{"line":49,"column":13}},"6":{"start":{"line":38,"column":12},"end":{"line":48,"column":13}},"7":{"start":{"line":39,"column":16},"end":{"line":42,"column":30}},"8":{"start":{"line":44,"column":16},"end":{"line":47,"column":27}},"9":{"start":{"line":51,"column":8},"end":{"line":53,"column":21}},"10":{"start":{"line":55,"column":8},"end":{"line":57,"column":45}},"11":{"start":{"line":59,"column":8},"end":{"line":59,"column":35}},"12":{"start":{"line":61,"column":4},"end":{"line":325,"column":5}},"13":{"start":{"line":69,"column":8},"end":{"line":121,"column":10},"skip":true},"14":{"start":{"line":70,"column":12},"end":{"line":88,"column":13},"skip":true},"15":{"start":{"line":76,"column":16},"end":{"line":87,"column":19},"skip":true},"16":{"start":{"line":79,"column":20},"end":{"line":86,"column":21},"skip":true},"17":{"start":{"line":82,"column":24},"end":{"line":82,"column":43},"skip":true},"18":{"start":{"line":83,"column":24},"end":{"line":83,"column":30},"skip":true},"19":{"start":{"line":85,"column":24},"end":{"line":85,"column":49},"skip":true},"20":{"start":{"line":89,"column":12},"end":{"line":107,"column":13},"skip":true},"21":{"start":{"line":92,"column":16},"end":{"line":102,"column":17},"skip":true},"22":{"start":{"line":93,"column":20},"end":{"line":93,"column":86},"skip":true},"23":{"start":{"line":94,"column":20},"end":{"line":95,"column":45},"skip":true},"24":{"start":{"line":96,"column":20},"end":{"line":96,"column":42},"skip":true},"25":{"start":{"line":97,"column":20},"end":{"line":97,"column":48},"skip":true},"26":{"start":{"line":100,"column":20},"end":{"line":100,"column":85},"skip":true},"27":{"start":{"line":101,"column":20},"end":{"line":101,"column":96},"skip":true},"28":{"start":{"line":103,"column":16},"end":{"line":103,"column":22},"skip":true},"29":{"start":{"line":106,"column":16},"end":{"line":106,"column":22},"skip":true},"30":{"start":{"line":108,"column":12},"end":{"line":120,"column":13},"skip":true},"31":{"start":{"line":114,"column":16},"end":{"line":119,"column":17},"skip":true},"32":{"start":{"line":116,"column":20},"end":{"line":116,"column":78},"skip":true},"33":{"start":{"line":118,"column":20},"end":{"line":118,"column":47},"skip":true},"34":{"start":{"line":123,"column":8},"end":{"line":141,"column":11},"skip":true},"35":{"start":{"line":124,"column":12},"end":{"line":124,"column":54},"skip":true},"36":{"start":{"line":125,"column":12},"end":{"line":140,"column":14},"skip":true},"37":{"start":{"line":126,"column":16},"end":{"line":126,"column":28},"skip":true},"38":{"start":{"line":127,"column":16},"end":{"line":127,"column":69},"skip":true},"39":{"start":{"line":128,"column":16},"end":{"line":128,"column":75},"skip":true},"40":{"start":{"line":129,"column":16},"end":{"line":131,"column":17},"skip":true},"41":{"start":{"line":130,"column":20},"end":{"line":130,"column":27},"skip":true},"42":{"start":{"line":133,"column":16},"end":{"line":137,"column":36},"skip":true},"43":{"start":{"line":134,"column":20},"end":{"line":136,"column":55},"skip":true},"44":{"start":{"line":139,"column":16},"end":{"line":139,"column":57},"skip":true},"45":{"start":{"line":143,"column":8},"end":{"line":147,"column":11},"skip":true},"46":{"start":{"line":144,"column":12},"end":{"line":146,"column":15},"skip":true},"47":{"start":{"line":145,"column":16},"end":{"line":145,"column":70},"skip":true},"48":{"start":{"line":149,"column":8},"end":{"line":149,"column":31},"skip":true},"49":{"start":{"line":150,"column":8},"end":{"line":150,"column":14},"skip":true},"50":{"start":{"line":158,"column":8},"end":{"line":158,"column":31},"skip":true},"51":{"start":{"line":160,"column":8},"end":{"line":160,"column":33},"skip":true},"52":{"start":{"line":161,"column":8},"end":{"line":161,"column":37},"skip":true},"53":{"start":{"line":162,"column":8},"end":{"line":162,"column":35},"skip":true},"54":{"start":{"line":164,"column":8},"end":{"line":164,"column":50},"skip":true},"55":{"start":{"line":166,"column":8},"end":{"line":256,"column":2},"skip":true},"56":{"start":{"line":258,"column":8},"end":{"line":286,"column":9},"skip":true},"57":{"start":{"line":259,"column":12},"end":{"line":269,"column":14},"skip":true},"58":{"start":{"line":271,"column":12},"end":{"line":285,"column":19},"skip":true},"59":{"start":{"line":274,"column":20},"end":{"line":274,"column":35},"skip":true},"60":{"start":{"line":275,"column":20},"end":{"line":284,"column":21},"skip":true},"61":{"start":{"line":277,"column":24},"end":{"line":277,"column":64},"skip":true},"62":{"start":{"line":279,"column":24},"end":{"line":279,"column":40},"skip":true},"63":{"start":{"line":281,"column":24},"end":{"line":281,"column":40},"skip":true},"64":{"start":{"line":283,"column":24},"end":{"line":283,"column":39},"skip":true},"65":{"start":{"line":288,"column":8},"end":{"line":290,"column":9},"skip":true},"66":{"start":{"line":289,"column":12},"end":{"line":289,"column":18},"skip":true},"67":{"start":{"line":291,"column":8},"end":{"line":293,"column":54},"skip":true},"68":{"start":{"line":296,"column":8},"end":{"line":301,"column":37},"skip":true},"69":{"start":{"line":303,"column":8},"end":{"line":303,"column":82},"skip":true},"70":{"start":{"line":306,"column":8},"end":{"line":308,"column":9},"skip":true},"71":{"start":{"line":307,"column":12},"end":{"line":307,"column":82},"skip":true},"72":{"start":{"line":310,"column":8},"end":{"line":312,"column":9},"skip":true},"73":{"start":{"line":311,"column":12},"end":{"line":311,"column":18},"skip":true},"74":{"start":{"line":313,"column":8},"end":{"line":313,"column":54},"skip":true},"75":{"start":{"line":314,"column":8},"end":{"line":314,"column":69},"skip":true},"76":{"start":{"line":315,"column":8},"end":{"line":323,"column":36},"skip":true},"77":{"start":{"line":316,"column":12},"end":{"line":316,"column":61},"skip":true},"78":{"start":{"line":317,"column":12},"end":{"line":320,"column":13},"skip":true},"79":{"start":{"line":318,"column":16},"end":{"line":318,"column":75},"skip":true},"80":{"start":{"line":319,"column":16},"end":{"line":319,"column":23},"skip":true},"81":{"start":{"line":321,"column":12},"end":{"line":321,"column":38},"skip":true},"82":{"start":{"line":322,"column":12},"end":{"line":322,"column":27},"skip":true},"83":{"start":{"line":324,"column":8},"end":{"line":324,"column":14},"skip":true}},"branchMap":{"1":{"line":39,"type":"binary-expr","locations":[{"start":{"line":39,"column":23},"end":{"line":39,"column":62}},{"start":{"line":40,"column":20},"end":{"line":40,"column":70}},{"start":{"line":41,"column":20},"end":{"line":41,"column":71}},{"start":{"line":42,"column":20},"end":{"line":42,"column":29}}]},"2":{"line":44,"type":"binary-expr","locations":[{"start":{"line":44,"column":23},"end":{"line":44,"column":37}},{"start":{"line":45,"column":20},"end":{"line":45,"column":61}},{"start":{"line":46,"column":20},"end":{"line":46,"column":70}},{"start":{"line":47,"column":20},"end":{"line":47,"column":26}}]},"3":{"line":51,"type":"cond-expr","locations":[{"start":{"line":52,"column":14},"end":{"line":52,"column":20}},{"start":{"line":53,"column":14},"end":{"line":53,"column":20}}]},"4":{"line":55,"type":"binary-expr","locations":[{"start":{"line":55,"column":16},"end":{"line":55,"column":44}},{"start":{"line":55,"column":49},"end":{"line":57,"column":43}}]},"5":{"line":55,"type":"cond-expr","locations":[{"start":{"line":56,"column":14},"end":{"line":56,"column":60}},{"start":{"line":57,"column":14},"end":{"line":57,"column":43}}]},"6":{"line":61,"type":"switch","locations":[{"start":{"line":68,"column":4},"end":{"line":150,"column":14},"skip":true},{"start":{"line":156,"column":4},"end":{"line":324,"column":14},"skip":true}]},"7":{"line":70,"type":"if","locations":[{"start":{"line":70,"column":12},"end":{"line":70,"column":12},"skip":true},{"start":{"line":70,"column":12},"end":{"line":70,"column":12},"skip":true}]},"8":{"line":70,"type":"binary-expr","locations":[{"start":{"line":70,"column":16},"end":{"line":70,"column":22},"skip":true},{"start":{"line":70,"column":27},"end":{"line":70,"column":32},"skip":true},{"start":{"line":71,"column":20},"end":{"line":71,"column":39},"skip":true},{"start":{"line":72,"column":20},"end":{"line":72,"column":49},"skip":true},{"start":{"line":73,"column":20},"end":{"line":73,"column":58},"skip":true},{"start":{"line":74,"column":20},"end":{"line":74,"column":69},"skip":true}]},"9":{"line":79,"type":"switch","locations":[{"start":{"line":80,"column":20},"end":{"line":80,"column":33},"skip":true},{"start":{"line":81,"column":20},"end":{"line":83,"column":30},"skip":true},{"start":{"line":84,"column":20},"end":{"line":85,"column":49},"skip":true}]},"10":{"line":89,"type":"switch","locations":[{"start":{"line":90,"column":12},"end":{"line":103,"column":22},"skip":true},{"start":{"line":105,"column":12},"end":{"line":106,"column":22},"skip":true}]},"11":{"line":89,"type":"binary-expr","locations":[{"start":{"line":89,"column":20},"end":{"line":89,"column":25},"skip":true},{"start":{"line":89,"column":29},"end":{"line":89,"column":48},"skip":true},{"start":{"line":89,"column":52},"end":{"line":89,"column":74},"skip":true}]},"12":{"line":92,"type":"if","locations":[{"start":{"line":92,"column":16},"end":{"line":92,"column":16},"skip":true},{"start":{"line":92,"column":16},"end":{"line":92,"column":16},"skip":true}]},"13":{"line":108,"type":"if","locations":[{"start":{"line":108,"column":12},"end":{"line":108,"column":12},"skip":true},{"start":{"line":108,"column":12},"end":{"line":108,"column":12},"skip":true}]},"14":{"line":108,"type":"binary-expr","locations":[{"start":{"line":108,"column":16},"end":{"line":108,"column":61},"skip":true},{"start":{"line":108,"column":66},"end":{"line":108,"column":72},"skip":true},{"start":{"line":108,"column":77},"end":{"line":108,"column":82},"skip":true},{"start":{"line":109,"column":20},"end":{"line":109,"column":39},"skip":true},{"start":{"line":110,"column":20},"end":{"line":110,"column":49},"skip":true},{"start":{"line":111,"column":20},"end":{"line":111,"column":58},"skip":true},{"start":{"line":112,"column":20},"end":{"line":112,"column":68},"skip":true}]},"15":{"line":129,"type":"if","locations":[{"start":{"line":129,"column":16},"end":{"line":129,"column":16},"skip":true},{"start":{"line":129,"column":16},"end":{"line":129,"column":16},"skip":true}]},"16":{"line":134,"type":"cond-expr","locations":[{"start":{"line":135,"column":26},"end":{"line":135,"column":29},"skip":true},{"start":{"line":136,"column":26},"end":{"line":136,"column":54},"skip":true}]},"17":{"line":164,"type":"binary-expr","locations":[{"start":{"line":164,"column":27},"end":{"line":164,"column":43},"skip":true},{"start":{"line":164,"column":47},"end":{"line":164,"column":49},"skip":true}]},"18":{"line":258,"type":"if","locations":[{"start":{"line":258,"column":8},"end":{"line":258,"column":8},"skip":true},{"start":{"line":258,"column":8},"end":{"line":258,"column":8},"skip":true}]},"19":{"line":275,"type":"switch","locations":[{"start":{"line":276,"column":20},"end":{"line":277,"column":64},"skip":true},{"start":{"line":278,"column":20},"end":{"line":279,"column":40},"skip":true},{"start":{"line":280,"column":20},"end":{"line":281,"column":40},"skip":true},{"start":{"line":282,"column":20},"end":{"line":283,"column":39},"skip":true}]},"20":{"line":288,"type":"if","locations":[{"start":{"line":288,"column":8},"end":{"line":288,"column":8},"skip":true},{"start":{"line":288,"column":8},"end":{"line":288,"column":8},"skip":true}]},"21":{"line":288,"type":"binary-expr","locations":[{"start":{"line":288,"column":12},"end":{"line":288,"column":40},"skip":true},{"start":{"line":288,"column":44},"end":{"line":288,"column":67},"skip":true}]},"22":{"line":292,"type":"binary-expr","locations":[{"start":{"line":292,"column":12},"end":{"line":292,"column":50},"skip":true},{"start":{"line":293,"column":12},"end":{"line":293,"column":53},"skip":true}]},"23":{"line":297,"type":"binary-expr","locations":[{"start":{"line":297,"column":12},"end":{"line":297,"column":74},"skip":true},{"start":{"line":298,"column":12},"end":{"line":301,"column":36},"skip":true}]},"24":{"line":303,"type":"binary-expr","locations":[{"start":{"line":303,"column":43},"end":{"line":303,"column":75},"skip":true},{"start":{"line":303,"column":79},"end":{"line":303,"column":81},"skip":true}]},"25":{"line":306,"type":"if","locations":[{"start":{"line":306,"column":8},"end":{"line":306,"column":8},"skip":true},{"start":{"line":306,"column":8},"end":{"line":306,"column":8},"skip":true}]},"26":{"line":310,"type":"if","locations":[{"start":{"line":310,"column":8},"end":{"line":310,"column":8},"skip":true},{"start":{"line":310,"column":8},"end":{"line":310,"column":8},"skip":true}]},"27":{"line":313,"type":"binary-expr","locations":[{"start":{"line":313,"column":27},"end":{"line":313,"column":43},"skip":true},{"start":{"line":313,"column":47},"end":{"line":313,"column":53},"skip":true}]},"28":{"line":317,"type":"if","locations":[{"start":{"line":317,"column":12},"end":{"line":317,"column":12},"skip":true},{"start":{"line":317,"column":12},"end":{"line":317,"column":12},"skip":true}]}},"code":["/*","example.js","","quickstart example","","instruction","    1. save this script as example.js","    2. run the shell command:","        $ npm install npmtest-react-day-picker && PORT=8081 node example.js","    3. play with the browser-demo on http://127.0.0.1:8081","*/","","","","/* istanbul instrument in package npmtest_react_day_picker */","/*jslint","    bitwise: true,","    browser: true,","    maxerr: 8,","    maxlen: 96,","    node: true,","    nomen: true,","    regexp: true,","    stupid: true","*/","(function () {","    'use strict';","    var local;","","","","    // run shared js-env code - pre-init","    (function () {","        // init local","        local = {};","        // init modeJs","        local.modeJs = (function () {","            try {","                return typeof navigator.userAgent === 'string' &&","                    typeof document.querySelector('body') === 'object' &&","                    typeof XMLHttpRequest.prototype.open === 'function' &&","                    'browser';","            } catch (errorCaughtBrowser) {","                return module.exports &&","                    typeof process.versions.node === 'string' &&","                    typeof require('http').createServer === 'function' &&","                    'node';","            }","        }());","        // init global","        local.global = local.modeJs === 'browser'","            ? window","            : global;","        // init utility2_rollup","        local = local.global.utility2_rollup || (local.modeJs === 'browser'","            ? local.global.utility2_npmtest_react_day_picker","            : global.utility2_moduleExports);","        // export local","        local.global.local = local;","    }());","    switch (local.modeJs) {","","","","    // post-init","    // run browser js-env code - post-init","    /* istanbul ignore next */","    case 'browser':","        local.testRunBrowser = function (event) {","            if (!event || (event &&","                    event.currentTarget &&","                    event.currentTarget.className &&","                    event.currentTarget.className.includes &&","                    event.currentTarget.className.includes('onreset'))) {","                // reset output","                Array.from(","                    document.querySelectorAll('body > .resettable')","                ).forEach(function (element) {","                    switch (element.tagName) {","                    case 'INPUT':","                    case 'TEXTAREA':","                        element.value = '';","                        break;","                    default:","                        element.textContent = '';","                    }","                });","            }","            switch (event && event.currentTarget && event.currentTarget.id) {","            case 'testRunButton1':","                // show tests","                if (document.querySelector('#testReportDiv1').style.display === 'none') {","                    document.querySelector('#testReportDiv1').style.display = 'block';","                    document.querySelector('#testRunButton1').textContent =","                        'hide internal test';","                    local.modeTest = true;","                    local.testRunDefault(local);","                // hide tests","                } else {","                    document.querySelector('#testReportDiv1').style.display = 'none';","                    document.querySelector('#testRunButton1').textContent = 'run internal test';","                }","                break;","            // custom-case","            default:","                break;","            }","            if (document.querySelector('#inputTextareaEval1') && (!event || (event &&","                    event.currentTarget &&","                    event.currentTarget.className &&","                    event.currentTarget.className.includes &&","                    event.currentTarget.className.includes('oneval')))) {","                // try to eval input-code","                try {","                    /*jslint evil: true*/","                    eval(document.querySelector('#inputTextareaEval1').value);","                } catch (errorCaught) {","                    console.error(errorCaught);","                }","            }","        };","        // log stderr and stdout to #outputTextareaStdout1","        ['error', 'log'].forEach(function (key) {","            console[key + '_original'] = console[key];","            console[key] = function () {","                var element;","                console[key + '_original'].apply(console, arguments);","                element = document.querySelector('#outputTextareaStdout1');","                if (!element) {","                    return;","                }","                // append text to #outputTextareaStdout1","                element.value += Array.from(arguments).map(function (arg) {","                    return typeof arg === 'string'","                        ? arg","                        : JSON.stringify(arg, null, 4);","                }).join(' ') + '\\n';","                // scroll textarea to bottom","                element.scrollTop = element.scrollHeight;","            };","        });","        // init event-handling","        ['change', 'click', 'keyup'].forEach(function (event) {","            Array.from(document.querySelectorAll('.on' + event)).forEach(function (element) {","                element.addEventListener(event, local.testRunBrowser);","            });","        });","        // run tests","        local.testRunBrowser();","        break;","","","","    // run node js-env code - post-init","    /* istanbul ignore next */","    case 'node':","        // export local","        module.exports = local;","        // require modules","        local.fs = require('fs');","        local.http = require('http');","        local.url = require('url');","        // init assets","        local.assetsDict = local.assetsDict || {};","        /* jslint-ignore-begin */","        local.assetsDict['/assets.index.template.html'] = '\\","<!doctype html>\\n\\","<html lang=\"en\">\\n\\","<head>\\n\\","<meta charset=\"UTF-8\">\\n\\","<meta name=\"viewport\" content=\"width=device-width, initial-scale=1\">\\n\\","<title>{{env.npm_package_name}} (v{{env.npm_package_version}})</title>\\n\\","<style>\\n\\","/*csslint\\n\\","    box-sizing: false,\\n\\","    universal-selector: false\\n\\","*/\\n\\","* {\\n\\","    box-sizing: border-box;\\n\\","}\\n\\","body {\\n\\","    background: #dde;\\n\\","    font-family: Arial, Helvetica, sans-serif;\\n\\","    margin: 2rem;\\n\\","}\\n\\","body > * {\\n\\","    margin-bottom: 1rem;\\n\\","}\\n\\",".utility2FooterDiv {\\n\\","    margin-top: 20px;\\n\\","    text-align: center;\\n\\","}\\n\\","</style>\\n\\","<style>\\n\\","/*csslint\\n\\","*/\\n\\","textarea {\\n\\","    font-family: monospace;\\n\\","    height: 10rem;\\n\\","    width: 100%;\\n\\","}\\n\\","textarea[readonly] {\\n\\","    background: #ddd;\\n\\","}\\n\\","</style>\\n\\","</head>\\n\\","<body>\\n\\","<!-- utility2-comment\\n\\","<div id=\"ajaxProgressDiv1\" style=\"background: #d00; height: 2px; left: 0; margin: 0; padding: 0; position: fixed; top: 0; transition: background 0.5s, width 1.5s; width: 25%;\"></div>\\n\\","utility2-comment -->\\n\\","<h1>\\n\\","<!-- utility2-comment\\n\\","    <a\\n\\","        {{#if env.npm_package_homepage}}\\n\\","        href=\"{{env.npm_package_homepage}}\"\\n\\","        {{/if env.npm_package_homepage}}\\n\\","        target=\"_blank\"\\n\\","    >\\n\\","utility2-comment -->\\n\\","        {{env.npm_package_name}} (v{{env.npm_package_version}})\\n\\","<!-- utility2-comment\\n\\","    </a>\\n\\","utility2-comment -->\\n\\","</h1>\\n\\","<h3>{{env.npm_package_description}}</h3>\\n\\","<!-- utility2-comment\\n\\","<h4><a download href=\"assets.app.js\">download standalone app</a></h4>\\n\\","<button class=\"onclick onreset\" id=\"testRunButton1\">run internal test</button><br>\\n\\","<div id=\"testReportDiv1\" style=\"display: none;\"></div>\\n\\","utility2-comment -->\\n\\","\\n\\","\\n\\","\\n\\","<label>stderr and stdout</label>\\n\\","<textarea class=\"resettable\" id=\"outputTextareaStdout1\" readonly></textarea>\\n\\","<!-- utility2-comment\\n\\","{{#if isRollup}}\\n\\","<script src=\"assets.app.js\"></script>\\n\\","{{#unless isRollup}}\\n\\","utility2-comment -->\\n\\","<script src=\"assets.utility2.rollup.js\"></script>\\n\\","<script src=\"jsonp.utility2._stateInit?callback=window.utility2._stateInit\"></script>\\n\\","<script src=\"assets.npmtest_react_day_picker.rollup.js\"></script>\\n\\","<script src=\"assets.example.js\"></script>\\n\\","<script src=\"assets.test.js\"></script>\\n\\","<!-- utility2-comment\\n\\","{{/if isRollup}}\\n\\","utility2-comment -->\\n\\","<div class=\"utility2FooterDiv\">\\n\\","    [ this app was created with\\n\\","    <a href=\"https://github.com/kaizhu256/node-utility2\" target=\"_blank\">utility2</a>\\n\\","    ]\\n\\","</div>\\n\\","</body>\\n\\","</html>\\n\\","';","        /* jslint-ignore-end */","        if (local.templateRender) {","            local.assetsDict['/'] = local.templateRender(","                local.assetsDict['/assets.index.template.html'],","                {","                    env: local.objectSetDefault(local.env, {","                        npm_package_description: 'the greatest app in the world!',","                        npm_package_name: 'my-app',","                        npm_package_nameAlias: 'my_app',","                        npm_package_version: '0.0.1'","                    })","                }","            );","        } else {","            local.assetsDict['/'] = local.assetsDict['/assets.index.template.html']","                .replace((/\\{\\{env\\.(\\w+?)\\}\\}/g), function (match0, match1) {","                    // jslint-hack","                    String(match0);","                    switch (match1) {","                    case 'npm_package_description':","                        return 'the greatest app in the world!';","                    case 'npm_package_name':","                        return 'my-app';","                    case 'npm_package_nameAlias':","                        return 'my_app';","                    case 'npm_package_version':","                        return '0.0.1';","                    }","                });","        }","        // run the cli","        if (local.global.utility2_rollup || module !== require.main) {","            break;","        }","        local.assetsDict['/assets.example.js'] =","            local.assetsDict['/assets.example.js'] ||","            local.fs.readFileSync(__filename, 'utf8');","        // bug-workaround - long $npm_package_buildCustomOrg","        /* jslint-ignore-begin */","        local.assetsDict['/assets.npmtest_react_day_picker.rollup.js'] =","            local.assetsDict['/assets.npmtest_react_day_picker.rollup.js'] ||","            local.fs.readFileSync(","                local.npmtest_react_day_picker.__dirname + '/lib.npmtest_react_day_picker.js',","                'utf8'","            ).replace((/^#!/), '//');","        /* jslint-ignore-end */","        local.assetsDict['/favicon.ico'] = local.assetsDict['/favicon.ico'] || '';","        // if $npm_config_timeout_exit exists,","        // then exit this process after $npm_config_timeout_exit ms","        if (Number(process.env.npm_config_timeout_exit)) {","            setTimeout(process.exit, Number(process.env.npm_config_timeout_exit));","        }","        // start server","        if (local.global.utility2_serverHttp1) {","            break;","        }","        process.env.PORT = process.env.PORT || '8081';","        console.error('server starting on port ' + process.env.PORT);","        local.http.createServer(function (request, response) {","            request.urlParsed = local.url.parse(request.url);","            if (local.assetsDict[request.urlParsed.pathname] !== undefined) {","                response.end(local.assetsDict[request.urlParsed.pathname]);","                return;","            }","            response.statusCode = 404;","            response.end();","        }).listen(process.env.PORT);","        break;","    }","}());",""],"l":{"26":2,"28":2,"33":2,"35":2,"37":2,"38":2,"39":2,"44":1,"51":2,"55":2,"59":2,"61":2,"69":1,"70":2,"76":2,"79":2,"82":2,"83":2,"85":1,"89":2,"92":1,"93":1,"94":1,"96":1,"97":1,"100":1,"101":1,"103":1,"106":1,"108":2,"114":1,"116":1,"118":1,"123":1,"124":2,"125":2,"126":3,"127":3,"128":3,"129":3,"130":1,"133":3,"134":3,"139":3,"143":1,"144":3,"145":1,"149":1,"150":1,"158":1,"160":1,"161":1,"162":1,"164":1,"166":1,"258":1,"259":1,"271":1,"274":6,"275":6,"277":1,"279":2,"281":1,"283":2,"288":1,"289":1,"291":1,"296":1,"303":1,"306":1,"307":1,"310":1,"311":1,"313":1,"314":1,"315":1,"316":1,"317":1,"318":1,"319":1,"321":1,"322":1,"324":1}},"/home/travis/build/npmtest/node-npmtest-react-day-picker/node_modules/react-day-picker/DayPicker.js":{"path":"/home/travis/build/npmtest/node-npmtest-react-day-picker/node_modules/react-day-picker/DayPicker.js","s":{"1":1,"2":1,"3":1,"4":1,"5":1,"6":1,"7":1,"8":1,"9":1,"10":1,"11":1,"12":1},"b":{"1":[1,0],"2":[1,0],"3":[1,0]},"f":{},"fnMap":{},"statementMap":{"1":{"start":{"line":4,"column":0},"end":{"line":4,"column":47}},"2":{"start":{"line":5,"column":0},"end":{"line":5,"column":47}},"3":{"start":{"line":6,"column":0},"end":{"line":6,"column":51}},"4":{"start":{"line":7,"column":0},"end":{"line":7,"column":43}},"5":{"start":{"line":8,"column":0},"end":{"line":8,"column":41}},"6":{"start":{"line":9,"column":0},"end":{"line":9,"column":47}},"7":{"start":{"line":11,"column":0},"end":{"line":11,"column":48}},"8":{"start":{"line":12,"column":0},"end":{"line":12,"column":58}},"9":{"start":{"line":13,"column":0},"end":{"line":13,"column":64}},"10":{"start":{"line":14,"column":0},"end":{"line":14,"column":59}},"11":{"start":{"line":15,"column":0},"end":{"line":15,"column":56}},"12":{"start":{"line":16,"column":0},"end":{"line":16,"column":37}}},"branchMap":{"1":{"line":11,"type":"binary-expr","locations":[{"start":{"line":11,"column":17},"end":{"line":11,"column":34}},{"start":{"line":11,"column":38},"end":{"line":11,"column":47}}]},"2":{"line":12,"type":"binary-expr","locations":[{"start":{"line":12,"column":27},"end":{"line":12,"column":44}},{"start":{"line":12,"column":48},"end":{"line":12,"column":57}}]},"3":{"line":13,"type":"binary-expr","locations":[{"start":{"line":13,"column":29},"end":{"line":13,"column":48}},{"start":{"line":13,"column":52},"end":{"line":13,"column":63}}]}},"code":["/* eslint-disable no-var */","/* eslint-env node */","","var DayPicker = require('./lib/src/DayPicker');","var DateUtils = require('./lib/src/DateUtils');","var LocaleUtils = require('./lib/src/LocaleUtils');","var Weekday = require('./lib/src/Weekday');","var Navbar = require('./lib/src/Navbar');","var PropTypes = require('./lib/src/PropTypes');","","module.exports = DayPicker.default || DayPicker;","module.exports.DateUtils = DateUtils.default || DateUtils;","module.exports.LocaleUtils = LocaleUtils.default || LocaleUtils;","module.exports.WeekdayPropTypes = Weekday.WeekdayPropTypes;","module.exports.NavbarPropTypes = Navbar.NavbarPropTypes;","module.exports.PropTypes = PropTypes;",""],"l":{"4":1,"5":1,"6":1,"7":1,"8":1,"9":1,"11":1,"12":1,"13":1,"14":1,"15":1,"16":1}},"/home/travis/build/npmtest/node-npmtest-react-day-picker/node_modules/react-day-picker/lib/src/DayPicker.js":{"path":"/home/travis/build/npmtest/node-npmtest-react-day-picker/node_modules/react-day-picker/lib/src/DayPicker.js","s":{"1":1,"2":1,"3":0,"4":0,"5":0,"6":0,"7":0,"8":0,"9":1,"10":1,"11":1,"12":27,"13":27,"14":27,"15":27,"16":27,"17":27,"18":1,"19":1,"20":1,"21":1,"22":0,"23":1,"24":1,"25":1,"26":1,"27":1,"28":1,"29":1,"30":1,"31":1,"32":1,"33":1,"34":1,"35":1,"36":1,"37":1,"38":1,"39":1,"40":1,"41":1,"42":1,"43":1,"44":1,"45":1,"46":1,"47":1,"48":1,"49":3,"50":3,"51":0,"52":0,"53":0,"54":0,"55":0,"56":0,"57":0,"58":1,"59":9,"60":1,"61":0,"62":0,"63":0,"64":0,"65":0,"66":0,"67":0,"68":0,"69":1,"70":0,"71":0,"72":0,"73":0,"74":0,"75":1,"76":0,"77":0,"78":1,"79":0,"80":0,"81":0,"82":1,"83":1,"84":0,"85":1,"86":1,"87":1,"88":1,"89":1,"90":1,"91":0,"92":0,"93":0,"94":0,"95":0,"96":0,"97":0,"98":0,"99":0,"100":0,"101":0,"102":1,"103":0,"104":0,"105":0,"106":0,"107":0,"108":0,"109":0,"110":0,"111":0,"112":0,"113":0,"114":0,"115":0,"116":0,"117":0,"118":0,"119":0,"120":0,"121":0,"122":0,"123":0,"124":0,"125":0,"126":0,"127":0,"128":0,"129":0,"130":0,"131":0,"132":0,"133":0,"134":0,"135":0,"136":0,"137":0,"138":0,"139":0,"140":0,"141":0,"142":0,"143":0,"144":0,"145":0,"146":0,"147":0,"148":0,"149":0,"150":0,"151":0,"152":0,"153":0,"154":0,"155":0,"156":0,"157":0,"158":0,"159":0,"160":0,"161":0,"162":0,"163":0,"164":0,"165":0,"166":0,"167":0,"168":0,"169":0,"170":0,"171":0,"172":0,"173":0,"174":0,"175":0,"176":0,"177":0,"178":0,"179":0,"180":0,"181":0,"182":0,"183":0,"184":0,"185":0,"186":0,"187":0,"188":0,"189":0,"190":0,"191":0,"192":0,"193":0,"194":0,"195":0,"196":0,"197":0,"198":0,"199":0,"200":0,"201":0,"202":0,"203":0,"204":0,"205":0,"206":0,"207":0,"208":0,"209":0,"210":0,"211":0,"212":0,"213":0,"214":0,"215":0,"216":0,"217":0,"218":0,"219":0,"220":0,"221":0,"222":0,"223":0,"224":0,"225":0,"226":0,"227":0,"228":0,"229":0,"230":0,"231":0,"232":0,"233":0,"234":0,"235":0,"236":0,"237":0,"238":0,"239":0,"240":0,"241":0,"242":0,"243":0,"244":0,"245":0,"246":0,"247":0,"248":0,"249":0,"250":0,"251":0,"252":0,"253":0,"254":0,"255":0,"256":0,"257":0,"258":0,"259":0,"260":0,"261":0,"262":0,"263":0,"264":0,"265":0,"266":0,"267":0,"268":0,"269":0,"270":0,"271":1,"272":1,"273":1,"274":1,"275":0,"276":1,"277":0,"278":0,"279":0,"280":0,"281":0,"282":0,"283":0,"284":0,"285":1},"b":{"1":[1,0],"2":[0,0],"3":[27,27],"4":[27,0],"5":[1,0],"6":[0,1],"7":[3,0],"8":[3,3],"9":[0,0],"10":[0,0],"11":[8,1],"12":[9,9],"13":[0,0],"14":[0,0],"15":[0,0],"16":[0,0],"17":[0,0],"18":[0,0],"19":[0,0,0],"20":[0,1],"21":[1,0],"22":[1,1],"23":[1,0],"24":[1,0],"25":[0,0],"26":[0,0],"27":[0,0],"28":[0,0],"29":[0,0,0,0,0],"30":[0,0],"31":[0,0],"32":[0,0],"33":[0,0],"34":[0,0],"35":[0,0],"36":[0,0],"37":[0,0],"38":[0,0],"39":[0,0],"40":[0,0],"41":[0,0],"42":[0,0],"43":[0,0,0,0,0],"44":[0,0],"45":[0,0,0,0,0,0,0],"46":[0,0],"47":[0,0],"48":[0,0],"49":[0,0],"50":[0,0],"51":[0,0],"52":[0,0],"53":[0,0],"54":[0,0],"55":[0,0],"56":[0,0],"57":[0,0],"58":[0,0],"59":[0,0],"60":[0,0],"61":[0,0,0],"62":[0,0],"63":[0,0],"64":[0,0],"65":[0,0],"66":[0,0],"67":[0,0],"68":[0,0],"69":[0,0],"70":[0,0,0]},"f":{"1":0,"2":1,"3":1,"4":1,"5":3,"6":9,"7":0,"8":0,"9":0,"10":0,"11":1,"12":1,"13":0,"14":0,"15":0,"16":0,"17":0,"18":0,"19":0,"20":0,"21":0,"22":0,"23":0,"24":0,"25":0,"26":0,"27":0,"28":0,"29":0,"30":0,"31":0,"32":0,"33":0,"34":0,"35":0,"36":0,"37":0,"38":0,"39":0,"40":0,"41":0,"42":0,"43":0,"44":0,"45":0,"46":0,"47":0,"48":0,"49":0,"50":0},"fnMap":{"1":{"name":"(anonymous_1)","line":9,"loc":{"start":{"line":9,"column":2},"end":{"line":9,"column":19}}},"2":{"name":"(anonymous_2)","line":21,"loc":{"start":{"line":21,"column":20},"end":{"line":21,"column":31}}},"3":{"name":"defineProperties","line":22,"loc":{"start":{"line":22,"column":2},"end":{"line":22,"column":43}}},"4":{"name":"(anonymous_4)","line":31,"loc":{"start":{"line":31,"column":9},"end":{"line":31,"column":56}}},"5":{"name":"_interopRequireWildcard","line":86,"loc":{"start":{"line":86,"column":0},"end":{"line":86,"column":38}}},"6":{"name":"_interopRequireDefault","line":102,"loc":{"start":{"line":102,"column":0},"end":{"line":102,"column":37}}},"7":{"name":"_objectWithoutProperties","line":106,"loc":{"start":{"line":106,"column":0},"end":{"line":106,"column":45}}},"8":{"name":"_toConsumableArray","line":116,"loc":{"start":{"line":116,"column":0},"end":{"line":116,"column":33}}},"9":{"name":"_classCallCheck","line":127,"loc":{"start":{"line":127,"column":0},"end":{"line":127,"column":48}}},"10":{"name":"_possibleConstructorReturn","line":133,"loc":{"start":{"line":133,"column":0},"end":{"line":133,"column":48}}},"11":{"name":"_inherits","line":144,"loc":{"start":{"line":144,"column":0},"end":{"line":144,"column":41}}},"12":{"name":"(anonymous_12)","line":165,"loc":{"start":{"line":165,"column":17},"end":{"line":165,"column":38}}},"13":{"name":"DayPicker","line":168,"loc":{"start":{"line":168,"column":2},"end":{"line":168,"column":28}}},"14":{"name":"componentWillReceiveProps","line":197,"loc":{"start":{"line":197,"column":13},"end":{"line":197,"column":59}}},"15":{"name":"getDayNodes","line":205,"loc":{"start":{"line":205,"column":13},"end":{"line":205,"column":36}}},"16":{"name":"getNextNavigableMonth","line":222,"loc":{"start":{"line":222,"column":13},"end":{"line":222,"column":46}}},"17":{"name":"getPreviousNavigableMonth","line":231,"loc":{"start":{"line":231,"column":13},"end":{"line":231,"column":50}}},"18":{"name":"allowPreviousMonth","line":237,"loc":{"start":{"line":237,"column":13},"end":{"line":237,"column":43}}},"19":{"name":"allowNextMonth","line":244,"loc":{"start":{"line":244,"column":13},"end":{"line":244,"column":39}}},"20":{"name":"allowMonth","line":254,"loc":{"start":{"line":254,"column":13},"end":{"line":254,"column":36}}},"21":{"name":"allowYearChange","line":272,"loc":{"start":{"line":272,"column":13},"end":{"line":272,"column":40}}},"22":{"name":"showMonth","line":278,"loc":{"start":{"line":278,"column":13},"end":{"line":278,"column":45}}},"23":{"name":"(anonymous_23)","line":284,"loc":{"start":{"line":284,"column":65},"end":{"line":284,"column":76}}},"24":{"name":"showNextMonth","line":296,"loc":{"start":{"line":296,"column":13},"end":{"line":296,"column":46}}},"25":{"name":"showPreviousMonth","line":312,"loc":{"start":{"line":312,"column":13},"end":{"line":312,"column":50}}},"26":{"name":"showNextYear","line":328,"loc":{"start":{"line":328,"column":13},"end":{"line":328,"column":37}}},"27":{"name":"showPreviousYear","line":338,"loc":{"start":{"line":338,"column":13},"end":{"line":338,"column":41}}},"28":{"name":"focusFirstDayOfMonth","line":348,"loc":{"start":{"line":348,"column":13},"end":{"line":348,"column":45}}},"29":{"name":"focusLastDayOfMonth","line":354,"loc":{"start":{"line":354,"column":13},"end":{"line":354,"column":44}}},"30":{"name":"focusPreviousDay","line":361,"loc":{"start":{"line":361,"column":13},"end":{"line":361,"column":48}}},"31":{"name":"(anonymous_31)","line":370,"loc":{"start":{"line":370,"column":33},"end":{"line":370,"column":44}}},"32":{"name":"focusNextDay","line":380,"loc":{"start":{"line":380,"column":13},"end":{"line":380,"column":44}}},"33":{"name":"(anonymous_33)","line":389,"loc":{"start":{"line":389,"column":29},"end":{"line":389,"column":40}}},"34":{"name":"focusNextWeek","line":399,"loc":{"start":{"line":399,"column":13},"end":{"line":399,"column":45}}},"35":{"name":"(anonymous_35)","line":409,"loc":{"start":{"line":409,"column":29},"end":{"line":409,"column":40}}},"36":{"name":"focusPreviousWeek","line":421,"loc":{"start":{"line":421,"column":13},"end":{"line":421,"column":49}}},"37":{"name":"(anonymous_37)","line":431,"loc":{"start":{"line":431,"column":33},"end":{"line":431,"column":44}}},"38":{"name":"handleKeyDown","line":447,"loc":{"start":{"line":447,"column":13},"end":{"line":447,"column":39}}},"39":{"name":"handleDayKeyDown","line":474,"loc":{"start":{"line":474,"column":13},"end":{"line":474,"column":58}}},"40":{"name":"handleDayClick","line":510,"loc":{"start":{"line":510,"column":13},"end":{"line":510,"column":56}}},"41":{"name":"handleOutsideDayClick","line":520,"loc":{"start":{"line":520,"column":13},"end":{"line":520,"column":49}}},"42":{"name":"renderNavbar","line":534,"loc":{"start":{"line":534,"column":13},"end":{"line":534,"column":37}}},"43":{"name":"renderDayInMonth","line":572,"loc":{"start":{"line":572,"column":13},"end":{"line":572,"column":51}}},"44":{"name":"(anonymous_44)","line":599,"loc":{"start":{"line":599,"column":29},"end":{"line":599,"column":48}}},"45":{"name":"renderMonths","line":631,"loc":{"start":{"line":631,"column":13},"end":{"line":631,"column":37}}},"46":{"name":"render","line":669,"loc":{"start":{"line":669,"column":13},"end":{"line":669,"column":31}}},"47":{"name":"ref","line":686,"loc":{"start":{"line":686,"column":17},"end":{"line":686,"column":34}}},"48":{"name":"renderDay","line":812,"loc":{"start":{"line":812,"column":13},"end":{"line":812,"column":37}}},"49":{"name":"_initialiseProps","line":824,"loc":{"start":{"line":824,"column":23},"end":{"line":824,"column":51}}},"50":{"name":"(anonymous_50)","line":825,"loc":{"start":{"line":825,"column":27},"end":{"line":825,"column":43}}}},"statementMap":{"1":{"start":{"line":3,"column":0},"end":{"line":5,"column":3}},"2":{"start":{"line":7,"column":0},"end":{"line":19,"column":4}},"3":{"start":{"line":10,"column":4},"end":{"line":17,"column":5}},"4":{"start":{"line":11,"column":6},"end":{"line":11,"column":32}},"5":{"start":{"line":12,"column":6},"end":{"line":16,"column":7}},"6":{"start":{"line":13,"column":8},"end":{"line":15,"column":9}},"7":{"start":{"line":14,"column":10},"end":{"line":14,"column":36}},"8":{"start":{"line":18,"column":4},"end":{"line":18,"column":18}},"9":{"start":{"line":21,"column":0},"end":{"line":36,"column":5}},"10":{"start":{"line":22,"column":2},"end":{"line":30,"column":3}},"11":{"start":{"line":23,"column":4},"end":{"line":29,"column":5}},"12":{"start":{"line":24,"column":6},"end":{"line":24,"column":32}},"13":{"start":{"line":25,"column":6},"end":{"line":25,"column":61}},"14":{"start":{"line":26,"column":6},"end":{"line":26,"column":37}},"15":{"start":{"line":27,"column":6},"end":{"line":27,"column":60}},"16":{"start":{"line":27,"column":33},"end":{"line":27,"column":60}},"17":{"start":{"line":28,"column":6},"end":{"line":28,"column":64}},"18":{"start":{"line":31,"column":2},"end":{"line":35,"column":4}},"19":{"start":{"line":32,"column":4},"end":{"line":32,"column":72}},"20":{"start":{"line":32,"column":20},"end":{"line":32,"column":72}},"21":{"start":{"line":33,"column":4},"end":{"line":33,"column":64}},"22":{"start":{"line":33,"column":21},"end":{"line":33,"column":64}},"23":{"start":{"line":34,"column":4},"end":{"line":34,"column":23}},"24":{"start":{"line":38,"column":0},"end":{"line":38,"column":30}},"25":{"start":{"line":40,"column":0},"end":{"line":40,"column":45}},"26":{"start":{"line":42,"column":0},"end":{"line":42,"column":36}},"27":{"start":{"line":44,"column":0},"end":{"line":44,"column":49}},"28":{"start":{"line":46,"column":0},"end":{"line":46,"column":34}},"29":{"start":{"line":48,"column":0},"end":{"line":48,"column":47}},"30":{"start":{"line":50,"column":0},"end":{"line":50,"column":32}},"31":{"start":{"line":52,"column":0},"end":{"line":52,"column":45}},"32":{"start":{"line":54,"column":0},"end":{"line":54,"column":28}},"33":{"start":{"line":56,"column":0},"end":{"line":56,"column":41}},"34":{"start":{"line":58,"column":0},"end":{"line":58,"column":36}},"35":{"start":{"line":60,"column":0},"end":{"line":60,"column":49}},"36":{"start":{"line":62,"column":0},"end":{"line":62,"column":36}},"37":{"start":{"line":64,"column":0},"end":{"line":64,"column":48}},"38":{"start":{"line":66,"column":0},"end":{"line":66,"column":40}},"39":{"start":{"line":68,"column":0},"end":{"line":68,"column":52}},"40":{"start":{"line":70,"column":0},"end":{"line":70,"column":44}},"41":{"start":{"line":72,"column":0},"end":{"line":72,"column":56}},"42":{"start":{"line":74,"column":0},"end":{"line":74,"column":42}},"43":{"start":{"line":76,"column":0},"end":{"line":76,"column":55}},"44":{"start":{"line":78,"column":0},"end":{"line":78,"column":30}},"45":{"start":{"line":80,"column":0},"end":{"line":80,"column":43}},"46":{"start":{"line":82,"column":0},"end":{"line":82,"column":40}},"47":{"start":{"line":84,"column":0},"end":{"line":84,"column":53}},"48":{"start":{"line":86,"column":0},"end":{"line":100,"column":1}},"49":{"start":{"line":87,"column":2},"end":{"line":99,"column":3}},"50":{"start":{"line":88,"column":4},"end":{"line":88,"column":15}},"51":{"start":{"line":90,"column":4},"end":{"line":90,"column":20}},"52":{"start":{"line":91,"column":4},"end":{"line":96,"column":5}},"53":{"start":{"line":92,"column":6},"end":{"line":95,"column":7}},"54":{"start":{"line":93,"column":8},"end":{"line":94,"column":33}},"55":{"start":{"line":94,"column":10},"end":{"line":94,"column":33}},"56":{"start":{"line":97,"column":4},"end":{"line":97,"column":25}},"57":{"start":{"line":98,"column":4},"end":{"line":98,"column":18}},"58":{"start":{"line":102,"column":0},"end":{"line":104,"column":1}},"59":{"start":{"line":103,"column":2},"end":{"line":103,"column":56}},"60":{"start":{"line":106,"column":0},"end":{"line":114,"column":1}},"61":{"start":{"line":107,"column":2},"end":{"line":107,"column":18}},"62":{"start":{"line":108,"column":2},"end":{"line":112,"column":3}},"63":{"start":{"line":109,"column":4},"end":{"line":109,"column":39}},"64":{"start":{"line":109,"column":30},"end":{"line":109,"column":39}},"65":{"start":{"line":110,"column":4},"end":{"line":110,"column":64}},"66":{"start":{"line":110,"column":55},"end":{"line":110,"column":64}},"67":{"start":{"line":111,"column":4},"end":{"line":111,"column":23}},"68":{"start":{"line":113,"column":2},"end":{"line":113,"column":16}},"69":{"start":{"line":116,"column":0},"end":{"line":125,"column":1}},"70":{"start":{"line":117,"column":2},"end":{"line":124,"column":3}},"71":{"start":{"line":118,"column":4},"end":{"line":120,"column":5}},"72":{"start":{"line":119,"column":6},"end":{"line":119,"column":23}},"73":{"start":{"line":121,"column":4},"end":{"line":121,"column":16}},"74":{"start":{"line":123,"column":4},"end":{"line":123,"column":27}},"75":{"start":{"line":127,"column":0},"end":{"line":131,"column":1}},"76":{"start":{"line":128,"column":2},"end":{"line":130,"column":3}},"77":{"start":{"line":129,"column":4},"end":{"line":129,"column":61}},"78":{"start":{"line":133,"column":0},"end":{"line":142,"column":1}},"79":{"start":{"line":134,"column":2},"end":{"line":138,"column":3}},"80":{"start":{"line":135,"column":4},"end":{"line":137,"column":6}},"81":{"start":{"line":139,"column":2},"end":{"line":141,"column":11}},"82":{"start":{"line":144,"column":0},"end":{"line":163,"column":1}},"83":{"start":{"line":145,"column":2},"end":{"line":150,"column":3}},"84":{"start":{"line":146,"column":4},"end":{"line":149,"column":6}},"85":{"start":{"line":151,"column":2},"end":{"line":158,"column":5}},"86":{"start":{"line":159,"column":2},"end":{"line":162,"column":42}},"87":{"start":{"line":160,"column":4},"end":{"line":162,"column":42}},"88":{"start":{"line":165,"column":0},"end":{"line":704,"column":21}},"89":{"start":{"line":166,"column":2},"end":{"line":166,"column":35}},"90":{"start":{"line":168,"column":2},"end":{"line":192,"column":3}},"91":{"start":{"line":169,"column":4},"end":{"line":169,"column":37}},"92":{"start":{"line":174,"column":4},"end":{"line":178,"column":6},"skip":true},"93":{"start":{"line":180,"column":4},"end":{"line":180,"column":33}},"94":{"start":{"line":182,"column":4},"end":{"line":182,"column":64}},"95":{"start":{"line":183,"column":4},"end":{"line":183,"column":58}},"96":{"start":{"line":184,"column":4},"end":{"line":184,"column":66}},"97":{"start":{"line":186,"column":4},"end":{"line":186,"column":58}},"98":{"start":{"line":187,"column":4},"end":{"line":187,"column":60}},"99":{"start":{"line":188,"column":4},"end":{"line":188,"column":64}},"100":{"start":{"line":190,"column":4},"end":{"line":190,"column":49}},"101":{"start":{"line":191,"column":4},"end":{"line":191,"column":17}},"102":{"start":{"line":194,"column":2},"end":{"line":701,"column":5}},"103":{"start":{"line":198,"column":8},"end":{"line":200,"column":9}},"104":{"start":{"line":199,"column":10},"end":{"line":199,"column":59}},"105":{"start":{"line":206,"column":8},"end":{"line":206,"column":38}},"106":{"start":{"line":207,"column":8},"end":{"line":213,"column":9}},"107":{"start":{"line":209,"column":10},"end":{"line":210,"column":77}},"108":{"start":{"line":212,"column":10},"end":{"line":212,"column":64}},"109":{"start":{"line":214,"column":8},"end":{"line":214,"column":68}},"110":{"start":{"line":215,"column":8},"end":{"line":215,"column":66}},"111":{"start":{"line":216,"column":8},"end":{"line":216,"column":73}},"112":{"start":{"line":217,"column":8},"end":{"line":217,"column":57}},"113":{"start":{"line":223,"column":8},"end":{"line":226,"column":10}},"114":{"start":{"line":232,"column":8},"end":{"line":232,"column":64}},"115":{"start":{"line":238,"column":8},"end":{"line":238,"column":77}},"116":{"start":{"line":239,"column":8},"end":{"line":239,"column":46}},"117":{"start":{"line":245,"column":8},"end":{"line":248,"column":10}},"118":{"start":{"line":249,"column":8},"end":{"line":249,"column":42}},"119":{"start":{"line":255,"column":8},"end":{"line":258,"column":49}},"120":{"start":{"line":260,"column":8},"end":{"line":266,"column":9}},"121":{"start":{"line":265,"column":10},"end":{"line":265,"column":23}},"122":{"start":{"line":267,"column":8},"end":{"line":267,"column":20}},"123":{"start":{"line":273,"column":8},"end":{"line":273,"column":41}},"124":{"start":{"line":279,"column":8},"end":{"line":279,"column":26}},"125":{"start":{"line":281,"column":8},"end":{"line":283,"column":9}},"126":{"start":{"line":282,"column":10},"end":{"line":282,"column":17}},"127":{"start":{"line":284,"column":8},"end":{"line":291,"column":11}},"128":{"start":{"line":285,"column":10},"end":{"line":287,"column":11}},"129":{"start":{"line":286,"column":12},"end":{"line":286,"column":23}},"130":{"start":{"line":288,"column":10},"end":{"line":290,"column":11}},"131":{"start":{"line":289,"column":12},"end":{"line":289,"column":66}},"132":{"start":{"line":297,"column":8},"end":{"line":299,"column":9}},"133":{"start":{"line":298,"column":10},"end":{"line":298,"column":17}},"134":{"start":{"line":300,"column":8},"end":{"line":302,"column":14}},"135":{"start":{"line":303,"column":8},"end":{"line":306,"column":10}},"136":{"start":{"line":307,"column":8},"end":{"line":307,"column":44}},"137":{"start":{"line":313,"column":8},"end":{"line":315,"column":9}},"138":{"start":{"line":314,"column":10},"end":{"line":314,"column":17}},"139":{"start":{"line":316,"column":8},"end":{"line":318,"column":14}},"140":{"start":{"line":319,"column":8},"end":{"line":322,"column":10}},"141":{"start":{"line":323,"column":8},"end":{"line":323,"column":48}},"142":{"start":{"line":329,"column":8},"end":{"line":331,"column":9}},"143":{"start":{"line":330,"column":10},"end":{"line":330,"column":17}},"144":{"start":{"line":332,"column":8},"end":{"line":332,"column":73}},"145":{"start":{"line":333,"column":8},"end":{"line":333,"column":34}},"146":{"start":{"line":339,"column":8},"end":{"line":341,"column":9}},"147":{"start":{"line":340,"column":10},"end":{"line":340,"column":17}},"148":{"start":{"line":342,"column":8},"end":{"line":342,"column":74}},"149":{"start":{"line":343,"column":8},"end":{"line":343,"column":34}},"150":{"start":{"line":349,"column":8},"end":{"line":349,"column":38}},"151":{"start":{"line":355,"column":8},"end":{"line":355,"column":42}},"152":{"start":{"line":356,"column":8},"end":{"line":356,"column":46}},"153":{"start":{"line":362,"column":8},"end":{"line":362,"column":26}},"154":{"start":{"line":364,"column":8},"end":{"line":364,"column":42}},"155":{"start":{"line":365,"column":8},"end":{"line":367,"column":28}},"156":{"start":{"line":369,"column":8},"end":{"line":375,"column":9}},"157":{"start":{"line":370,"column":10},"end":{"line":372,"column":13}},"158":{"start":{"line":371,"column":12},"end":{"line":371,"column":48}},"159":{"start":{"line":374,"column":10},"end":{"line":374,"column":45}},"160":{"start":{"line":381,"column":8},"end":{"line":381,"column":26}},"161":{"start":{"line":383,"column":8},"end":{"line":383,"column":42}},"162":{"start":{"line":384,"column":8},"end":{"line":386,"column":28}},"163":{"start":{"line":388,"column":8},"end":{"line":394,"column":9}},"164":{"start":{"line":389,"column":10},"end":{"line":391,"column":13}},"165":{"start":{"line":390,"column":12},"end":{"line":390,"column":49}},"166":{"start":{"line":393,"column":10},"end":{"line":393,"column":45}},"167":{"start":{"line":400,"column":8},"end":{"line":400,"column":26}},"168":{"start":{"line":402,"column":8},"end":{"line":402,"column":42}},"169":{"start":{"line":403,"column":8},"end":{"line":405,"column":28}},"170":{"start":{"line":406,"column":8},"end":{"line":406,"column":69}},"171":{"start":{"line":408,"column":8},"end":{"line":416,"column":9}},"172":{"start":{"line":409,"column":10},"end":{"line":413,"column":13}},"173":{"start":{"line":410,"column":12},"end":{"line":410,"column":64}},"174":{"start":{"line":411,"column":12},"end":{"line":411,"column":59}},"175":{"start":{"line":412,"column":12},"end":{"line":412,"column":64}},"176":{"start":{"line":415,"column":10},"end":{"line":415,"column":45}},"177":{"start":{"line":422,"column":8},"end":{"line":422,"column":26}},"178":{"start":{"line":424,"column":8},"end":{"line":424,"column":42}},"179":{"start":{"line":425,"column":8},"end":{"line":427,"column":28}},"180":{"start":{"line":428,"column":8},"end":{"line":428,"column":53}},"181":{"start":{"line":430,"column":8},"end":{"line":440,"column":9}},"182":{"start":{"line":431,"column":10},"end":{"line":437,"column":13}},"183":{"start":{"line":432,"column":12},"end":{"line":432,"column":61}},"184":{"start":{"line":433,"column":12},"end":{"line":433,"column":74}},"185":{"start":{"line":434,"column":12},"end":{"line":435,"column":52}},"186":{"start":{"line":436,"column":12},"end":{"line":436,"column":69}},"187":{"start":{"line":439,"column":10},"end":{"line":439,"column":45}},"188":{"start":{"line":448,"column":8},"end":{"line":448,"column":20}},"189":{"start":{"line":450,"column":8},"end":{"line":465,"column":9}},"190":{"start":{"line":452,"column":12},"end":{"line":452,"column":37}},"191":{"start":{"line":453,"column":12},"end":{"line":453,"column":18}},"192":{"start":{"line":455,"column":12},"end":{"line":455,"column":33}},"193":{"start":{"line":456,"column":12},"end":{"line":456,"column":18}},"194":{"start":{"line":458,"column":12},"end":{"line":458,"column":36}},"195":{"start":{"line":459,"column":12},"end":{"line":459,"column":18}},"196":{"start":{"line":461,"column":12},"end":{"line":461,"column":32}},"197":{"start":{"line":462,"column":12},"end":{"line":462,"column":18}},"198":{"start":{"line":464,"column":12},"end":{"line":464,"column":18}},"199":{"start":{"line":467,"column":8},"end":{"line":469,"column":9}},"200":{"start":{"line":468,"column":10},"end":{"line":468,"column":34}},"201":{"start":{"line":475,"column":8},"end":{"line":475,"column":20}},"202":{"start":{"line":476,"column":8},"end":{"line":502,"column":9}},"203":{"start":{"line":478,"column":12},"end":{"line":478,"column":35}},"204":{"start":{"line":479,"column":12},"end":{"line":479,"column":44}},"205":{"start":{"line":480,"column":12},"end":{"line":480,"column":18}},"206":{"start":{"line":482,"column":12},"end":{"line":482,"column":35}},"207":{"start":{"line":483,"column":12},"end":{"line":483,"column":40}},"208":{"start":{"line":484,"column":12},"end":{"line":484,"column":18}},"209":{"start":{"line":486,"column":12},"end":{"line":486,"column":35}},"210":{"start":{"line":487,"column":12},"end":{"line":487,"column":45}},"211":{"start":{"line":488,"column":12},"end":{"line":488,"column":18}},"212":{"start":{"line":490,"column":12},"end":{"line":490,"column":35}},"213":{"start":{"line":491,"column":12},"end":{"line":491,"column":41}},"214":{"start":{"line":492,"column":12},"end":{"line":492,"column":18}},"215":{"start":{"line":495,"column":12},"end":{"line":495,"column":35}},"216":{"start":{"line":496,"column":12},"end":{"line":498,"column":13}},"217":{"start":{"line":497,"column":14},"end":{"line":497,"column":53}},"218":{"start":{"line":499,"column":12},"end":{"line":499,"column":18}},"219":{"start":{"line":501,"column":12},"end":{"line":501,"column":18}},"220":{"start":{"line":503,"column":8},"end":{"line":505,"column":9}},"221":{"start":{"line":504,"column":10},"end":{"line":504,"column":53}},"222":{"start":{"line":511,"column":8},"end":{"line":511,"column":20}},"223":{"start":{"line":512,"column":8},"end":{"line":514,"column":9}},"224":{"start":{"line":513,"column":10},"end":{"line":513,"column":42}},"225":{"start":{"line":515,"column":8},"end":{"line":515,"column":49}},"226":{"start":{"line":521,"column":8},"end":{"line":521,"column":51}},"227":{"start":{"line":522,"column":8},"end":{"line":522,"column":55}},"228":{"start":{"line":524,"column":8},"end":{"line":524,"column":68}},"229":{"start":{"line":525,"column":8},"end":{"line":529,"column":9}},"230":{"start":{"line":526,"column":10},"end":{"line":526,"column":31}},"231":{"start":{"line":527,"column":15},"end":{"line":529,"column":9}},"232":{"start":{"line":528,"column":10},"end":{"line":528,"column":35}},"233":{"start":{"line":535,"column":8},"end":{"line":547,"column":13}},"234":{"start":{"line":549,"column":8},"end":{"line":549,"column":41}},"235":{"start":{"line":549,"column":29},"end":{"line":549,"column":41}},"236":{"start":{"line":551,"column":8},"end":{"line":564,"column":10}},"237":{"start":{"line":565,"column":8},"end":{"line":567,"column":64}},"238":{"start":{"line":573,"column":8},"end":{"line":573,"column":70}},"239":{"start":{"line":574,"column":8},"end":{"line":574,"column":74}},"240":{"start":{"line":575,"column":8},"end":{"line":583,"column":9}},"241":{"start":{"line":582,"column":10},"end":{"line":582,"column":57}},"242":{"start":{"line":584,"column":8},"end":{"line":586,"column":9}},"243":{"start":{"line":585,"column":10},"end":{"line":585,"column":59}},"244":{"start":{"line":588,"column":8},"end":{"line":588,"column":60}},"245":{"start":{"line":589,"column":8},"end":{"line":589,"column":28}},"246":{"start":{"line":590,"column":8},"end":{"line":596,"column":9}},"247":{"start":{"line":591,"column":10},"end":{"line":591,"column":24}},"248":{"start":{"line":593,"column":10},"end":{"line":595,"column":11}},"249":{"start":{"line":594,"column":12},"end":{"line":594,"column":43}},"250":{"start":{"line":597,"column":8},"end":{"line":597,"column":74}},"251":{"start":{"line":598,"column":8},"end":{"line":598,"column":27}},"252":{"start":{"line":599,"column":8},"end":{"line":601,"column":11}},"253":{"start":{"line":600,"column":10},"end":{"line":600,"column":37}},"254":{"start":{"line":603,"column":8},"end":{"line":626,"column":10}},"255":{"start":{"line":632,"column":8},"end":{"line":632,"column":24}},"256":{"start":{"line":633,"column":8},"end":{"line":633,"column":76}},"257":{"start":{"line":635,"column":8},
[...]
r = typeChecker(","                      propValue,","                      key,","                      componentName,","                      location,","                      propFullName + '.' + key,","                      ReactPropTypesSecret","                    );","                    if (error instanceof Error) {","                      return error;","                    }","                  }","                }","                return null;","              }","              return createChainableTypeChecker(validate);","            }","","            function createUnionTypeChecker(arrayOfTypeCheckers) {","              if (!Array.isArray(arrayOfTypeCheckers)) {","                process.env.NODE_ENV !== 'production'","                  ? warning(","                      false,","                      'Invalid argument supplied to oneOfType, expected an instance of array.'","                    )","                  : void 0;","                return emptyFunction.thatReturnsNull;","              }","","              function validate(","                props,","                propName,","                componentName,","                location,","                propFullName","              ) {","                for (var i = 0; i < arrayOfTypeCheckers.length; i++) {","                  var checker = arrayOfTypeCheckers[i];","                  if (","                    checker(","                      props,","                      propName,","                      componentName,","                      location,","                      propFullName,","                      ReactPropTypesSecret","                    ) == null","                  ) {","                    return null;","                  }","                }","","                return new PropTypeError(","                  'Invalid ' +","                    location +","                    ' `' +","                    propFullName +","                    '` supplied to ' +","                    ('`' + componentName + '`.')","                );","              }","              return createChainableTypeChecker(validate);","            }","","            function createNodeChecker() {","              function validate(","                props,","                propName,","                componentName,","                location,","                propFullName","              ) {","                if (!isNode(props[propName])) {","                  return new PropTypeError(","                    'Invalid ' +","                      location +","                      ' `' +","                      propFullName +","                      '` supplied to ' +","                      ('`' + componentName + '`, expected a ReactNode.')","                  );","                }","                return null;","              }","              return createChainableTypeChecker(validate);","            }","","            function createShapeTypeChecker(shapeTypes) {","              function validate(","                props,","                propName,","                componentName,","                location,","                propFullName","              ) {","                var propValue = props[propName];","                var propType = getPropType(propValue);","                if (propType !== 'object') {","                  return new PropTypeError(","                    'Invalid ' +","                      location +","                      ' `' +","                      propFullName +","                      '` of type `' +","                      propType +","                      '` ' +","                      ('supplied to `' +","                        componentName +","                        '`, expected `object`.')","                  );","                }","                for (var key in shapeTypes) {","                  var checker = shapeTypes[key];","                  if (!checker) {","                    continue;","                  }","                  var error = checker(","                    propValue,","                    key,","                    componentName,","                    location,","                    propFullName + '.' + key,","                    ReactPropTypesSecret","                  );","                  if (error) {","                    return error;","                  }","                }","                return null;","              }","              return createChainableTypeChecker(validate);","            }","","            function isNode(propValue) {","              switch (typeof propValue) {","                case 'number':","                case 'string':","                case 'undefined':","                  return true;","                case 'boolean':","                  return !propValue;","                case 'object':","                  if (Array.isArray(propValue)) {","                    return propValue.every(isNode);","                  }","                  if (propValue === null || isValidElement(propValue)) {","                    return true;","                  }","","                  var iteratorFn = getIteratorFn(propValue);","                  if (iteratorFn) {","                    var iterator = iteratorFn.call(propValue);","                    var step;","                    if (iteratorFn !== propValue.entries) {","                      while (!(step = iterator.next()).done) {","                        if (!isNode(step.value)) {","                          return false;","                        }","                      }","                    } else {","                      // Iterator will provide entry [k,v] tuples rather than values.","                      while (!(step = iterator.next()).done) {","                        var entry = step.value;","                        if (entry) {","                          if (!isNode(entry[1])) {","                            return false;","                          }","                        }","                      }","                    }","                  } else {","                    return false;","                  }","","                  return true;","                default:","                  return false;","              }","            }","","            function isSymbol(propType, propValue) {","              // Native Symbol.","              if (propType === 'symbol') {","                return true;","              }","","              // 19.4.3.5 Symbol.prototype[@@toStringTag] === 'Symbol'","              if (propValue['@@toStringTag'] === 'Symbol') {","                return true;","              }","","              // Fallback for non-spec compliant Symbols which are polyfilled.","              if (typeof Symbol === 'function' && propValue instanceof Symbol) {","                return true;","              }","","              return false;","            }","","            // Equivalent of `typeof` but with special handling for array and regexp.","            function getPropType(propValue) {","              var propType = typeof propValue;","              if (Array.isArray(propValue)) {","                return 'array';","              }","              if (propValue instanceof RegExp) {","                // Old webkits (at least until Android 4.0) return 'function' rather than","                // 'object' for typeof a RegExp. We'll normalize this here so that /bla/","                // passes PropTypes.object.","                return 'object';","              }","              if (isSymbol(propType, propValue)) {","                return 'symbol';","              }","              return propType;","            }","","            // This handles more types than `getPropType`. Only used for error messages.","            // See `createPrimitiveTypeChecker`.","            function getPreciseType(propValue) {","              var propType = getPropType(propValue);","              if (propType === 'object') {","                if (propValue instanceof Date) {","                  return 'date';","                } else if (propValue instanceof RegExp) {","                  return 'regexp';","                }","              }","              return propType;","            }","","            // Returns class name of the object, if any.","            function getClassName(propValue) {","              if (!propValue.constructor || !propValue.constructor.name) {","                return ANONYMOUS;","              }","              return propValue.constructor.name;","            }","","            ReactPropTypes.checkPropTypes = checkPropTypes;","            ReactPropTypes.PropTypes = ReactPropTypes;","","            return ReactPropTypes;","          };","","          /* WEBPACK VAR INJECTION */","        }.call(exports, __webpack_require__(2)));","","        /***/","      },","      /* 23 */","      /***/ function(module, exports, __webpack_require__) {","        /* WEBPACK VAR INJECTION */ (function(process) {","          /**"," * Copyright 2013-present, Facebook, Inc."," * All rights reserved."," *"," * This source code is licensed under the BSD-style license found in the"," * LICENSE file in the root directory of this source tree. An additional grant"," * of patent rights can be found in the PATENTS file in the same directory."," */","","          if (process.env.NODE_ENV !== 'production') {","            var REACT_ELEMENT_TYPE =","              (typeof Symbol === 'function' &&","                Symbol.for &&","                Symbol.for('react.element')) ||","              0xeac7;","","            var isValidElement = function(object) {","              return (","                typeof object === 'object' &&","                object !== null &&","                object.$$typeof === REACT_ELEMENT_TYPE","              );","            };","","            // By explicitly using `prop-types` you are opting into new development behavior.","            // http://fb.me/prop-types-in-prod","            var throwOnDirectAccess = true;","            module.exports = __webpack_require__(22)(","              isValidElement,","              throwOnDirectAccess","            );","          } else {","            // By explicitly using `prop-types` you are opting into new production behavior.","            // http://fb.me/prop-types-in-prod","            module.exports = __webpack_require__(21)();","          }","","          /* WEBPACK VAR INJECTION */","        }.call(exports, __webpack_require__(2)));","","        /***/","      },","      /******/","    ]","  );","});",""],"l":{"1":1,"2":1,"3":1,"4":0,"5":0,"6":0,"7":0,"8":0,"10":1,"13":1,"15":1,"18":53,"19":30,"22":23,"29":23,"36":23,"38":23,"43":1,"45":1,"47":1,"48":0,"51":1,"52":0,"53":0,"64":1,"65":0,"67":0,"70":0,"72":0,"73":0,"77":1,"78":0,"81":1,"83":1,"91":1,"94":1,"96":1,"99":0,"100":0,"101":0,"102":0,"103":0,"107":0,"110":1,"112":1,"114":1,"115":1,"118":1,"140":1,"150":1,"157":1,"164":1,"171":1,"172":1,"174":1,"175":0,"177":1,"178":0,"180":1,"181":1,"182":1,"183":1,"185":0,"188":0,"190":1,"191":1,"192":1,"194":0,"197":0,"200":1,"201":0,"203":0,"206":0,"210":0,"211":0,"213":0,"215":0,"217":0,"219":0,"222":0,"226":1,"227":0,"229":0,"232":0,"237":0,"238":0,"240":0,"242":0,"244":0,"246":0,"250":0,"254":1,"255":1,"256":1,"257":1,"259":1,"260":0,"261":0,"263":0,"264":0,"265":0,"267":0,"269":0,"270":0,"274":1,"275":0,"276":0,"278":0,"279":0,"281":0,"282":0,"283":0,"284":0,"285":0,"286":0,"287":0,"290":0,"291":0,"293":0,"294":0,"295":0,"298":1,"299":0,"300":0,"301":0,"302":0,"305":0,"306":0,"307":0,"312":1,"313":0,"314":0,"316":1,"317":0,"319":1,"320":1,"321":1,"322":1,"323":1,"324":1,"326":1,"328":1,"329":1,"330":1,"331":1,"332":1,"333":1,"334":1,"336":1,"337":0,"340":1,"341":0,"343":1,"344":0,"346":1,"347":0,"355":1,"358":1,"359":1,"360":1,"361":1,"362":1,"363":1,"364":1,"365":1,"372":1,"373":0,"381":1,"382":0,"383":0,"384":0,"394":1,"395":0,"396":0,"398":0,"412":1,"413":0,"414":0,"415":0,"425":1,"426":0,"427":0,"428":0,"440":1,"441":0,"442":0,"443":0,"445":0,"446":0,"447":0,"448":0,"461":1,"462":0,"465":0,"467":0,"468":0,"469":0,"472":0,"473":0,"474":0,"475":0,"476":0,"477":0,"478":0,"480":0,"481":0,"482":0,"483":0,"487":0,"497":1,"498":0,"500":0,"507":1,"524":1,"527":1,"528":1,"529":1,"530":1,"531":1,"532":1,"533":1,"543":1,"545":1,"560":1,"561":0,"564":1,"565":0,"568":1,"569":0,"572":1,"573":0,"576":1,"577":0,"580":1,"581":0,"584":1,"599":1,"604":1,"643":1,"644":3,"645":0,"654":1,"656":1,"657":1,"658":1,"659":1,"660":1,"661":0,"663":1,"664":0,"667":1,"674":1,"696":1,"698":1,"699":1,"700":20,"701":0,"706":1,"707":20,"709":20,"710":20,"711":20,"712":0,"717":20,"718":20,"719":20,"721":0,"724":20,"727":20,"728":20,"732":1,"741":1,"744":1,"745":1,"747":1,"749":1,"751":1,"753":1,"755":1,"757":1,"759":1,"760":3,"763":1,"764":0,"773":0,"776":0,"778":0,"786":0,"790":0,"798":0,"802":0,"811":1,"829":1,"831":1,"848":1,"851":1,"852":1,"854":1,"856":1,"858":1,"860":1,"862":1,"863":2,"866":1,"867":0,"874":0,"875":0,"876":0,"878":0,"880":0,"881":0,"882":0,"884":0,"887":0,"894":1,"906":1,"914":1,"918":1,"921":0,"922":0,"923":0,"924":0,"925":0,"929":0,"932":1,"933":1,"934":1,"935":1,"936":1,"937":1,"938":1,"939":1,"940":1,"941":1,"943":1,"945":1,"947":1,"948":0,"949":0,"952":1,"953":0,"956":1,"957":0,"959":0,"960":0,"962":0,"965":1,"966":0,"967":0,"968":0,"970":0,"971":0,"973":0,"976":1,"977":0,"985":0,"986":0,"988":0,"989":0,"991":0,"994":1,"995":0,"998":1,"999":0,"1003":0,"1007":0,"1008":0,"1009":0,"1011":0,"1013":0,"1014":0,"1016":0,"1018":0,"1019":0,"1021":0,"1023":0,"1025":0,"1027":0,"1028":0,"1030":0,"1031":0,"1033":0,"1034":0,"1036":0,"1039":0,"1041":0,"1045":0,"1046":0,"1048":0,"1049":0,"1051":0,"1052":0,"1054":0,"1056":0,"1060":1,"1061":0,"1068":1,"1069":0,"1073":0,"1075":0,"1076":0,"1078":0,"1079":0,"1081":0,"1082":0,"1085":0,"1086":0,"1087":0,"1088":0,"1090":0,"1091":0,"1092":0,"1097":0,"1098":0,"1099":0,"1100":0,"1101":0,"1105":0,"1106":0,"1107":0,"1110":0,"1111":0,"1115":0,"1116":0,"1118":0,"1119":0,"1120":0,"1121":0,"1123":0,"1124":0,"1125":0,"1126":0,"1129":0,"1133":0,"1136":1,"1137":0,"1138":0,"1139":0,"1140":0,"1149":1,"1160":1,"1169":1,"1171":1,"1172":1,"1173":1,"1174":0,"1181":0,"1184":0,"1185":0,"1188":0,"1190":0,"1191":0,"1193":0,"1197":0,"1201":1,"1202":0,"1203":0,"1209":0,"1210":0,"1213":0,"1214":0,"1221":0,"1224":0,"1230":1,"1248":1,"1251":1,"1258":1,"1262":1,"1265":0,"1266":0,"1267":0,"1268":0,"1269":0,"1273":0,"1276":1,"1277":1,"1278":1,"1279":27,"1280":27,"1281":27,"1282":27,"1283":27,"1286":1,"1287":1,"1288":1,"1289":1,"1293":1,"1295":1,"1297":1,"1299":1,"1301":1,"1303":1,"1305":1,"1307":1,"1309":1,"1311":1,"1313":1,"1315":1,"1317":1,"1319":1,"1321":1,"1323":1,"1325":1,"1327":1,"1329":1,"1331":1,"1333":1,"1335":1,"1337":1,"1339":1,"1341":1,"1342":3,"1343":3,"1345":0,"1346":0,"1347":0,"1348":0,"1349":0,"1352":0,"1353":0,"1357":1,"1358":9,"1361":1,"1362":0,"1363":0,"1364":0,"1365":0,"1366":0,"1368":0,"1371":1,"1372":0,"1373":0,"1374":0,"1376":0,"1378":0,"1382":1,"1383":0,"1384":0,"1388":1,"1389":0,"1390":0,"1394":0,"1400":1,"1401":1,"1402":0,"1407":1,"1418":1,"1419":1,"1424":1,"1425":1,"1427":1,"1428":0,"1433":1,"1439":0,"1441":0,"1442":0,"1443":0,"1445":0,"1446":0,"1447":0,"1449":0,"1450":0,"1453":1,"1457":0,"1458":0,"1465":0,"1466":0,"1468":0,"1473":0,"1475":0,"1476":0,"1477":0,"1479":0,"1485":0,"1494":0,"1500":0,"1504":0,"1510":0,"1514":0,"1520":0,"1525":0,"1530":0,"1532":0,"1538":0,"1544":0,"1546":0,"1547":0,"1549":0,"1552":0,"1553":0,"1555":0,"1556":0,"1565":0,"1566":0,"1568":0,"1571":0,"1575":0,"1581":0,"1582":0,"1584":0,"1587":0,"1591":0,"1597":0,"1598":0,"1600":0,"1604":0,"1610":0,"1611":0,"1613":0,"1617":0,"1623":0,"1629":0,"1630":0,"1636":0,"1638":0,"1639":0,"1643":0,"1644":0,"1645":0,"1648":0,"1655":0,"1657":0,"1658":0,"1662":0,"1663":0,"1664":0,"1667":0,"1674":0,"1676":0,"1677":0,"1680":0,"1682":0,"1683":0,"1684":0,"1685":0,"1686":0,"1689":0,"1696":0,"1698":0,"1699":0,"1702":0,"1704":0,"1705":0,"1706":0,"1707":0,"1709":0,"1711":0,"1714":0,"1723":0,"1725":0,"1727":0,"1728":0,"1730":0,"1731":0,"1733":0,"1734":0,"1736":0,"1737":0,"1739":0,"1742":0,"1743":0,"1750":0,"1751":0,"1753":0,"1754":0,"1755":0,"1757":0,"1758":0,"1759":0,"1761":0,"1762":0,"1763":0,"1765":0,"1766":0,"1767":0,"1770":0,"1771":0,"1772":0,"1774":0,"1776":0,"1778":0,"1779":0,"1786":0,"1787":0,"1788":0,"1790":0,"1796":0,"1797":0,"1799":0,"1800":0,"1801":0,"1802":0,"1803":0,"1810":0,"1824":0,"1826":0,"1840":0,"1848":0,"1849":0,"1853":0,"1860":0,"1862":0,"1863":0,"1866":0,"1867":0,"1868":0,"1869":0,"1871":0,"1872":0,"1875":0,"1877":0,"1878":0,"1879":0,"1882":0,"1917":0,"1918":0,"1922":0,"1923":0,"1925":0,"1948":0,"1949":0,"1951":0,"1957":0,"1959":0,"1961":0,"1962":0,"1965":0,"1966":0,"1969":0,"1974":0,"1990":1,"1993":1,"1994":1,"2085":1,"2102":0,"2116":1,"2117":0,"2118":0,"2121":0,"2123":0,"2128":0,"2132":0,"2138":0,"2141":0,"2144":1,"2154":1,"2155":1,"2156":1,"2157":1,"2158":1,"2159":1,"2161":1,"2162":1,"2163":1,"2164":1,"2165":1,"2166":1,"2173":1,"2176":1,"2178":1,"2180":1,"2182":1,"2184":1,"2186":1,"2187":2,"2190":1,"2191":0,"2198":0,"2211":1,"2228":1,"2231":1,"2233":1,"2235":1,"2237":1,"2239":1,"2241":1,"2243":1,"2245":1,"2246":3,"2249":1,"2250":0,"2251":0,"2253":0,"2254":0,"2255":0,"2259":1,"2260":0,"2277":0,"2278":0,"2280":0,"2282":0,"2284":0,"2288":0,"2289":0,"2295":0,"2316":1,"2339":1,"2350":1,"2353":1,"2355":1,"2357":1,"2359":1,"2361":1,"2363":1,"2365":1,"2367":1,"2369":1,"2370":3,"2373":1,"2374":0,"2388":0,"2396":0,"2400":0,"2404":0,"2409":0,"2426":0,"2434":0,"2442":1,"2483":1,"2486":1,"2488":1,"2490":1,"2492":1,"2494":1,"2496":1,"2497":2,"2500":1,"2501":0,"2509":0,"2510":0,"2511":0,"2512":0,"2521":0,"2524":0,"2527":0,"2538":1,"2565":1,"2568":1,"2583":1,"2593":1,"2594":1,"2595":1,"2596":1,"2597":1,"2611":1,"2618":0,"2619":0,"2620":0,"2621":0,"2625":0,"2628":0,"2636":0,"2645":0,"2647":0,"2659":0,"2665":0,"2667":0,"2669":0,"2682":1,"2701":0,"2702":0,"2704":0,"2707":1,"2708":0,"2715":0,"2716":1,"2717":0,"2719":0,"2739":0,"2740":0,"2742":0,"2750":1,"2760":1,"2761":1,"2762":1,"2764":1,"2765":1,"2767":1,"2769":1,"2771":1,"2787":1,"2788":0,"2792":0,"2793":0,"2844":1,"2848":1,"2873":1,"2875":0,"2878":0,"2881":0,"2893":1,"2894":0,"2895":0,"2898":1,"2900":1,"2901":62,"2902":62,"2903":62,"2905":1,"2914":20,"2915":20,"2917":20,"2918":20,"2920":20,"2926":0,"2931":0,"2932":0,"2937":0,"2948":0,"2949":0,"2953":0,"2954":0,"2955":0,"2956":0,"2967":0,"2978":0,"2980":0,"2990":62,"2991":62,"2993":62,"2996":1,"2997":1,"3005":0,"3006":0,"3007":0,"3011":0,"3013":0,"3027":0,"3029":7,"3032":1,"3033":1,"3036":1,"3037":1,"3044":0,"3045":0,"3053":0,"3054":0,"3055":0,"3056":0,"3069":0,"3070":0,"3078":0,"3079":0,"3082":0,"3084":13,"3087":1,"3088":1,"3095":0,"3096":0,"3097":0,"3098":0,"3111":0,"3113":1,"3116":1,"3117":1,"3124":0,"3125":0,"3126":0,"3127":0,"3141":0,"3143":17,"3146":1,"3147":1,"3148":0,"3154":0,"3157":1,"3164":0,"3165":0,"3166":0,"3167":0,"3171":0,"3172":0,"3187":1,"3190":1,"3191":1,"3198":0,"3199":0,"3207":0,"3208":0,"3209":0,"3210":0,"3223":0,"3224":0,"3225":0,"3233":0,"3234":0,"3238":0,"3240":0,"3243":1,"3244":9,"3245":0,"3251":0,"3254":1,"3261":0,"3262":0,"3263":0,"3273":0,"3277":0,"3286":9,"3289":1,"3290":1,"3297":0,"3298":0,"3307":0,"3309":1,"3312":1,"3313":1,"3320":0,"3321":0,"3322":0,"3323":0,"3336":0,"3337":0,"3338":0,"3339":0,"3341":0,"3349":0,"3350":0,"3353":0,"3355":12,"3358":1,"3359":0,"3363":0,"3365":0,"3367":0,"3368":0,"3370":0,"3371":0,"3374":0,"3375":0,"3376":0,"3377":0,"3378":0,"3379":0,"3380":0,"3381":0,"3386":0,"3387":0,"3388":0,"3389":0,"3390":0,"3396":0,"3399":0,"3401":0,"3405":1,"3407":0,"3408":0,"3412":0,"3413":0,"3417":0,"3418":0,"3421":0,"3425":1,"3426":0,"3427":0,"3428":0,"3430":0,"3434":0,"3436":0,"3437":0,"3439":0,"3444":1,"3445":0,"3446":0,"3447":0,"3448":0,"3449":0,"3450":0,"3453":0,"3457":1,"3458":0,"3459":0,"3461":0,"3464":1,"3465":1,"3467":1,"3477":1,"3487":1,"3488":1,"3494":1,"3495":0,"3504":1,"3505":1,"3512":0}}}